{"D:\\obsidian-plugin\\wechat-account-assemble\\src\\lib\\html-parser.ts": {"path":"D:\\obsidian-plugin\\wechat-account-assemble\\src\\lib\\html-parser.ts","statementMap":{"0":{"start":{"line":9,"column":0},"end":{"line":9,"column":16}},"1":{"start":{"line":17,"column":0},"end":{"line":17,"column":16}},"2":{"start":{"line":25,"column":0},"end":{"line":25,"column":16}},"3":{"start":{"line":34,"column":0},"end":{"line":34,"column":16}},"4":{"start":{"line":44,"column":0},"end":{"line":44,"column":16}},"5":{"start":{"line":52,"column":0},"end":{"line":52,"column":16}},"6":{"start":{"line":10,"column":16},"end":{"line":10,"column":31}},"7":{"start":{"line":11,"column":1},"end":{"line":11,"column":50}},"8":{"start":{"line":18,"column":13},"end":{"line":18,"column":28}},"9":{"start":{"line":19,"column":1},"end":{"line":19,"column":35}},"10":{"start":{"line":26,"column":13},"end":{"line":26,"column":28}},"11":{"start":{"line":27,"column":17},"end":{"line":27,"column":44}},"12":{"start":{"line":28,"column":1},"end":{"line":28,"column":35}},"13":{"start":{"line":35,"column":13},"end":{"line":35,"column":28}},"14":{"start":{"line":36,"column":18},"end":{"line":36,"column":48}},"15":{"start":{"line":37,"column":1},"end":{"line":37,"column":37}},"16":{"start":{"line":37,"column":24},"end":{"line":37,"column":35}},"17":{"start":{"line":38,"column":1},"end":{"line":38,"column":27}},"18":{"start":{"line":45,"column":13},"end":{"line":45,"column":28}},"19":{"start":{"line":46,"column":1},"end":{"line":46,"column":51}},"20":{"start":{"line":53,"column":1},"end":{"line":53,"column":35}}},"fnMap":{"0":{"name":"parseHtml","decl":{"start":{"line":9,"column":16},"end":{"line":9,"column":25}},"loc":{"start":{"line":9,"column":38},"end":{"line":12,"column":1}}},"1":{"name":"htmlToText","decl":{"start":{"line":17,"column":16},"end":{"line":17,"column":26}},"loc":{"start":{"line":17,"column":39},"end":{"line":20,"column":1}}},"2":{"name":"extractText","decl":{"start":{"line":25,"column":16},"end":{"line":25,"column":27}},"loc":{"start":{"line":25,"column":58},"end":{"line":29,"column":1}}},"3":{"name":"removeElements","decl":{"start":{"line":34,"column":16},"end":{"line":34,"column":30}},"loc":{"start":{"line":34,"column":61},"end":{"line":39,"column":1}}},"4":{"name":"(anonymous_4)","decl":{"start":{"line":37,"column":18},"end":{"line":37,"column":20}},"loc":{"start":{"line":37,"column":24},"end":{"line":37,"column":35}}},"5":{"name":"queryAll","decl":{"start":{"line":44,"column":16},"end":{"line":44,"column":24}},"loc":{"start":{"line":44,"column":55},"end":{"line":47,"column":1}}},"6":{"name":"getAttribute","decl":{"start":{"line":52,"column":16},"end":{"line":52,"column":28}},"loc":{"start":{"line":52,"column":59},"end":{"line":54,"column":1}}}},"branchMap":{"0":{"loc":{"start":{"line":19,"column":8},"end":{"line":19,"column":34}},"type":"binary-expr","locations":[{"start":{"line":19,"column":8},"end":{"line":19,"column":28}},{"start":{"line":19,"column":32},"end":{"line":19,"column":34}}]},"1":{"loc":{"start":{"line":28,"column":8},"end":{"line":28,"column":34}},"type":"binary-expr","locations":[{"start":{"line":28,"column":8},"end":{"line":28,"column":28}},{"start":{"line":28,"column":32},"end":{"line":28,"column":34}}]}},"s":{"0":2,"1":2,"2":2,"3":2,"4":2,"5":2,"6":103,"7":103,"8":11,"9":11,"10":5,"11":5,"12":5,"13":5,"14":5,"15":5,"16":4,"17":5,"18":10,"19":10,"20":7},"f":{"0":103,"1":11,"2":5,"3":5,"4":4,"5":10,"6":7},"b":{"0":[11,1],"1":[5,2]}}
,"D:\\obsidian-plugin\\wechat-account-assemble\\src\\lib\\sql-js-wrapper.ts": {"path":"D:\\obsidian-plugin\\wechat-account-assemble\\src\\lib\\sql-js-wrapper.ts","statementMap":{"0":{"start":{"line":1,"column":0},"end":{"line":1,"column":58}},"1":{"start":{"line":2,"column":0},"end":{"line":2,"column":41}},"2":{"start":{"line":8,"column":35},"end":{"line":8,"column":39}},"3":{"start":{"line":9,"column":32},"end":{"line":9,"column":37}},"4":{"start":{"line":16,"column":2},"end":{"line":19,"column":3}},"5":{"start":{"line":17,"column":3},"end":{"line":17,"column":46}},"6":{"start":{"line":18,"column":3},"end":{"line":18,"column":10}},"7":{"start":{"line":21,"column":2},"end":{"line":40,"column":3}},"8":{"start":{"line":22,"column":3},"end":{"line":22,"column":41}},"9":{"start":{"line":26,"column":3},"end":{"line":33,"column":6}},"10":{"start":{"line":31,"column":5},"end":{"line":31,"column":46}},"11":{"start":{"line":35,"column":3},"end":{"line":35,"column":27}},"12":{"start":{"line":36,"column":3},"end":{"line":36,"column":50}},"13":{"start":{"line":38,"column":3},"end":{"line":38,"column":55}},"14":{"start":{"line":39,"column":3},"end":{"line":39,"column":59}},"15":{"start":{"line":47,"column":2},"end":{"line":49,"column":3}},"16":{"start":{"line":48,"column":3},"end":{"line":48,"column":71}},"17":{"start":{"line":51,"column":2},"end":{"line":51,"column":50}},"18":{"start":{"line":52,"column":2},"end":{"line":52,"column":33}},"19":{"start":{"line":59,"column":2},"end":{"line":61,"column":3}},"20":{"start":{"line":60,"column":3},"end":{"line":60,"column":71}},"21":{"start":{"line":63,"column":2},"end":{"line":63,"column":47}},"22":{"start":{"line":64,"column":2},"end":{"line":64,"column":37}},"23":{"start":{"line":71,"column":2},"end":{"line":71,"column":47}},"24":{"start":{"line":72,"column":2},"end":{"line":72,"column":21}},"25":{"start":{"line":79,"column":2},"end":{"line":79,"column":26}},"26":{"start":{"line":7,"column":0},"end":{"line":7,"column":13}},"27":{"start":{"line":84,"column":13},"end":{"line":84,"column":47}}},"fnMap":{"0":{"name":"(anonymous_0)","decl":{"start":{"line":15,"column":1},"end":{"line":15,"column":6}},"loc":{"start":{"line":15,"column":17},"end":{"line":41,"column":2}}},"1":{"name":"(anonymous_1)","decl":{"start":{"line":29,"column":16},"end":{"line":29,"column":17}},"loc":{"start":{"line":29,"column":33},"end":{"line":32,"column":5}}},"2":{"name":"(anonymous_2)","decl":{"start":{"line":46,"column":1},"end":{"line":46,"column":15}},"loc":{"start":{"line":46,"column":15},"end":{"line":53,"column":2}}},"3":{"name":"(anonymous_3)","decl":{"start":{"line":58,"column":1},"end":{"line":58,"column":13}},"loc":{"start":{"line":58,"column":30},"end":{"line":65,"column":2}}},"4":{"name":"(anonymous_4)","decl":{"start":{"line":70,"column":1},"end":{"line":70,"column":15}},"loc":{"start":{"line":70,"column":28},"end":{"line":73,"column":2}}},"5":{"name":"(anonymous_5)","decl":{"start":{"line":78,"column":1},"end":{"line":78,"column":14}},"loc":{"start":{"line":78,"column":14},"end":{"line":80,"column":2}}}},"branchMap":{"0":{"loc":{"start":{"line":16,"column":2},"end":{"line":19,"column":3}},"type":"if","locations":[{"start":{"line":16,"column":2},"end":{"line":19,"column":3}},{"start":{},"end":{}}]},"1":{"loc":{"start":{"line":47,"column":2},"end":{"line":49,"column":3}},"type":"if","locations":[{"start":{"line":47,"column":2},"end":{"line":49,"column":3}},{"start":{},"end":{}}]},"2":{"loc":{"start":{"line":59,"column":2},"end":{"line":61,"column":3}},"type":"if","locations":[{"start":{"line":59,"column":2},"end":{"line":61,"column":3}},{"start":{},"end":{}}]}},"s":{"0":3,"1":3,"2":3,"3":3,"4":0,"5":0,"6":0,"7":0,"8":0,"9":0,"10":0,"11":0,"12":0,"13":0,"14":0,"15":0,"16":0,"17":0,"18":0,"19":0,"20":0,"21":0,"22":0,"23":0,"24":0,"25":0,"26":3,"27":3},"f":{"0":0,"1":0,"2":0,"3":0,"4":0,"5":0},"b":{"0":[0,0],"1":[0,0],"2":[0,0]}}
,"D:\\obsidian-plugin\\wechat-account-assemble\\src\\services\\AccountService.ts": {"path":"D:\\obsidian-plugin\\wechat-account-assemble\\src\\services\\AccountService.ts","statementMap":{"0":{"start":{"line":2,"column":0},"end":{"line":2,"column":50}},"1":{"start":{"line":3,"column":0},"end":{"line":3,"column":56}},"2":{"start":{"line":4,"column":0},"end":{"line":4,"column":43}},"3":{"start":{"line":5,"column":0},"end":{"line":5,"column":41}},"4":{"start":{"line":6,"column":0},"end":{"line":6,"column":56}},"5":{"start":{"line":18,"column":2},"end":{"line":18,"column":23}},"6":{"start":{"line":19,"column":2},"end":{"line":19,"column":68}},"7":{"start":{"line":26,"column":2},"end":{"line":40,"column":3}},"8":{"start":{"line":27,"column":3},"end":{"line":27,"column":47}},"9":{"start":{"line":30,"column":21},"end":{"line":30,"column":58}},"10":{"start":{"line":32,"column":3},"end":{"line":32,"column":62}},"11":{"start":{"line":33,"column":3},"end":{"line":36,"column":5}},"12":{"start":{"line":38,"column":3},"end":{"line":38,"column":52}},"13":{"start":{"line":39,"column":3},"end":{"line":39,"column":15}},"14":{"start":{"line":48,"column":2},"end":{"line":67,"column":3}},"15":{"start":{"line":49,"column":18},"end":{"line":49,"column":59}},"16":{"start":{"line":51,"column":3},"end":{"line":60,"column":4}},"17":{"start":{"line":53,"column":20},"end":{"line":55,"column":null}},"18":{"start":{"line":58,"column":4},"end":{"line":58,"column":63}},"19":{"start":{"line":59,"column":4},"end":{"line":59,"column":19}},"20":{"start":{"line":63,"column":3},"end":{"line":63,"column":15}},"21":{"start":{"line":65,"column":3},"end":{"line":65,"column":56}},"22":{"start":{"line":66,"column":3},"end":{"line":66,"column":15}},"23":{"start":{"line":76,"column":19},"end":{"line":76,"column":68}},"24":{"start":{"line":78,"column":2},"end":{"line":81,"column":3}},"25":{"start":{"line":79,"column":3},"end":{"line":79,"column":47}},"26":{"start":{"line":80,"column":3},"end":{"line":80,"column":15}},"27":{"start":{"line":84,"column":2},"end":{"line":88,"column":3}},"28":{"start":{"line":85,"column":3},"end":{"line":87,"column":4}},"29":{"start":{"line":86,"column":4},"end":{"line":86,"column":76}},"30":{"start":{"line":91,"column":25},"end":{"line":92,"column":null}},"31":{"start":{"line":95,"column":2},"end":{"line":98,"column":3}},"32":{"start":{"line":96,"column":3},"end":{"line":96,"column":67}},"33":{"start":{"line":97,"column":3},"end":{"line":97,"column":15}},"34":{"start":{"line":102,"column":26},"end":{"line":102,"column":43}},"35":{"start":{"line":103,"column":2},"end":{"line":103,"column":56}},"36":{"start":{"line":105,"column":2},"end":{"line":105,"column":25}},"37":{"start":{"line":112,"column":19},"end":{"line":112,"column":63}},"38":{"start":{"line":114,"column":2},"end":{"line":117,"column":3}},"39":{"start":{"line":115,"column":3},"end":{"line":115,"column":65}},"40":{"start":{"line":116,"column":3},"end":{"line":116,"column":10}},"41":{"start":{"line":119,"column":2},"end":{"line":145,"column":3}},"42":{"start":{"line":122,"column":4},"end":{"line":122,"column":68}},"43":{"start":{"line":123,"column":4},"end":{"line":126,"column":6}},"44":{"start":{"line":127,"column":4},"end":{"line":127,"column":10}},"45":{"start":{"line":131,"column":4},"end":{"line":131,"column":67}},"46":{"start":{"line":132,"column":4},"end":{"line":135,"column":6}},"47":{"start":{"line":136,"column":4},"end":{"line":136,"column":10}},"48":{"start":{"line":140,"column":4},"end":{"line":140,"column":77}},"49":{"start":{"line":141,"column":4},"end":{"line":141,"column":10}},"50":{"start":{"line":144,"column":4},"end":{"line":144,"column":76}},"51":{"start":{"line":152,"column":2},"end":{"line":152,"column":70}},"52":{"start":{"line":153,"column":2},"end":{"line":153,"column":51}},"53":{"start":{"line":160,"column":2},"end":{"line":160,"column":67}},"54":{"start":{"line":161,"column":2},"end":{"line":161,"column":50}},"55":{"start":{"line":168,"column":2},"end":{"line":168,"column":71}},"56":{"start":{"line":169,"column":2},"end":{"line":169,"column":65}},"57":{"start":{"line":176,"column":2},"end":{"line":176,"column":57}},"58":{"start":{"line":177,"column":2},"end":{"line":177,"column":45}},"59":{"start":{"line":184,"column":2},"end":{"line":184,"column":56}},"60":{"start":{"line":191,"column":2},"end":{"line":191,"column":66}},"61":{"start":{"line":204,"column":2},"end":{"line":210,"column":4}},"62":{"start":{"line":217,"column":2},"end":{"line":217,"column":37}},"63":{"start":{"line":218,"column":2},"end":{"line":218,"column":56}},"64":{"start":{"line":13,"column":0},"end":{"line":13,"column":13}}},"fnMap":{"0":{"name":"(anonymous_0)","decl":{"start":{"line":17,"column":1},"end":{"line":17,"column":13}},"loc":{"start":{"line":17,"column":34},"end":{"line":20,"column":2}}},"1":{"name":"(anonymous_1)","decl":{"start":{"line":25,"column":1},"end":{"line":25,"column":6}},"loc":{"start":{"line":25,"column":20},"end":{"line":41,"column":2}}},"2":{"name":"(anonymous_2)","decl":{"start":{"line":47,"column":1},"end":{"line":47,"column":6}},"loc":{"start":{"line":47,"column":36},"end":{"line":68,"column":2}}},"3":{"name":"(anonymous_3)","decl":{"start":{"line":74,"column":1},"end":{"line":74,"column":6}},"loc":{"start":{"line":74,"column":26},"end":{"line":106,"column":2}}},"4":{"name":"(anonymous_4)","decl":{"start":{"line":111,"column":1},"end":{"line":111,"column":6}},"loc":{"start":{"line":111,"column":51},"end":{"line":146,"column":2}}},"5":{"name":"(anonymous_5)","decl":{"start":{"line":151,"column":1},"end":{"line":151,"column":6}},"loc":{"start":{"line":151,"column":58},"end":{"line":154,"column":2}}},"6":{"name":"(anonymous_6)","decl":{"start":{"line":159,"column":1},"end":{"line":159,"column":6}},"loc":{"start":{"line":159,"column":56},"end":{"line":162,"column":2}}},"7":{"name":"(anonymous_7)","decl":{"start":{"line":167,"column":1},"end":{"line":167,"column":6}},"loc":{"start":{"line":167,"column":64},"end":{"line":170,"column":2}}},"8":{"name":"(anonymous_8)","decl":{"start":{"line":175,"column":1},"end":{"line":175,"column":6}},"loc":{"start":{"line":175,"column":38},"end":{"line":178,"column":2}}},"9":{"name":"(anonymous_9)","decl":{"start":{"line":183,"column":1},"end":{"line":183,"column":15}},"loc":{"start":{"line":183,"column":15},"end":{"line":185,"column":2}}},"10":{"name":"(anonymous_10)","decl":{"start":{"line":190,"column":1},"end":{"line":190,"column":11}},"loc":{"start":{"line":190,"column":29},"end":{"line":192,"column":2}}},"11":{"name":"(anonymous_11)","decl":{"start":{"line":197,"column":1},"end":{"line":197,"column":16}},"loc":{"start":{"line":197,"column":16},"end":{"line":211,"column":2}}},"12":{"name":"(anonymous_12)","decl":{"start":{"line":216,"column":1},"end":{"line":216,"column":15}},"loc":{"start":{"line":216,"column":27},"end":{"line":219,"column":2}}}},"branchMap":{"0":{"loc":{"start":{"line":51,"column":3},"end":{"line":60,"column":4}},"type":"if","locations":[{"start":{"line":51,"column":3},"end":{"line":60,"column":4}},{"start":{},"end":{}}]},"1":{"loc":{"start":{"line":51,"column":7},"end":{"line":51,"column":52}},"type":"binary-expr","locations":[{"start":{"line":51,"column":7},"end":{"line":51,"column":19}},{"start":{"line":51,"column":23},"end":{"line":51,"column":33}},{"start":{"line":51,"column":37},"end":{"line":51,"column":52}}]},"2":{"loc":{"start":{"line":78,"column":2},"end":{"line":81,"column":3}},"type":"if","locations":[{"start":{"line":78,"column":2},"end":{"line":81,"column":3}},{"start":{},"end":{}}]},"3":{"loc":{"start":{"line":85,"column":3},"end":{"line":87,"column":4}},"type":"if","locations":[{"start":{"line":85,"column":3},"end":{"line":87,"column":4}},{"start":{},"end":{}}]},"4":{"loc":{"start":{"line":95,"column":2},"end":{"line":98,"column":3}},"type":"if","locations":[{"start":{"line":95,"column":2},"end":{"line":98,"column":3}},{"start":{},"end":{}}]},"5":{"loc":{"start":{"line":114,"column":2},"end":{"line":117,"column":3}},"type":"if","locations":[{"start":{"line":114,"column":2},"end":{"line":117,"column":3}},{"start":{},"end":{}}]},"6":{"loc":{"start":{"line":119,"column":2},"end":{"line":145,"column":3}},"type":"switch","locations":[{"start":{"line":120,"column":3},"end":{"line":127,"column":10}},{"start":{"line":129,"column":3},"end":{"line":136,"column":10}},{"start":{"line":138,"column":3},"end":{"line":141,"column":10}},{"start":{"line":143,"column":3},"end":{"line":144,"column":76}}]}},"s":{"0":1,"1":1,"2":1,"3":1,"4":1,"5":22,"6":22,"7":2,"8":2,"9":2,"10":1,"11":1,"12":1,"13":1,"14":3,"15":3,"16":2,"17":1,"18":1,"19":1,"20":1,"21":1,"22":1,"23":4,"24":4,"25":1,"26":1,"27":3,"28":4,"29":2,"30":3,"31":3,"32":1,"33":1,"34":2,"35":2,"36":2,"37":4,"38":4,"39":1,"40":1,"41":3,"42":1,"43":1,"44":1,"45":1,"46":1,"47":1,"48":1,"49":1,"50":0,"51":1,"52":1,"53":1,"54":1,"55":1,"56":1,"57":1,"58":1,"59":1,"60":2,"61":1,"62":1,"63":1,"64":1},"f":{"0":22,"1":2,"2":3,"3":4,"4":4,"5":1,"6":1,"7":1,"8":1,"9":1,"10":2,"11":1,"12":1},"b":{"0":[1,1],"1":[2,1,1],"2":[1,3],"3":[2,2],"4":[1,2],"5":[1,3],"6":[1,1,1,0]}}
,"D:\\obsidian-plugin\\wechat-account-assemble\\src\\services\\FeedService.ts": {"path":"D:\\obsidian-plugin\\wechat-account-assemble\\src\\services\\FeedService.ts","statementMap":{"0":{"start":{"line":3,"column":0},"end":{"line":3,"column":56}},"1":{"start":{"line":5,"column":0},"end":{"line":5,"column":41}},"2":{"start":{"line":18,"column":2},"end":{"line":18,"column":23}},"3":{"start":{"line":19,"column":2},"end":{"line":19,"column":68}},"4":{"start":{"line":26,"column":2},"end":{"line":70,"column":3}},"5":{"start":{"line":27,"column":3},"end":{"line":27,"column":48}},"6":{"start":{"line":30,"column":22},"end":{"line":30,"column":61}},"7":{"start":{"line":32,"column":3},"end":{"line":34,"column":4}},"8":{"start":{"line":33,"column":4},"end":{"line":33,"column":61}},"9":{"start":{"line":36,"column":18},"end":{"line":36,"column":31}},"10":{"start":{"line":39,"column":24},"end":{"line":39,"column":81}},"11":{"start":{"line":40,"column":3},"end":{"line":43,"column":4}},"12":{"start":{"line":41,"column":4},"end":{"line":41,"column":53}},"13":{"start":{"line":42,"column":4},"end":{"line":42,"column":24}},"14":{"start":{"line":46,"column":19},"end":{"line":46,"column":73}},"15":{"start":{"line":47,"column":3},"end":{"line":49,"column":4}},"16":{"start":{"line":48,"column":4},"end":{"line":48,"column":66}},"17":{"start":{"line":52,"column":16},"end":{"line":56,"column":null}},"18":{"start":{"line":59,"column":3},"end":{"line":59,"column":60}},"19":{"start":{"line":62,"column":3},"end":{"line":64,"column":6}},"20":{"start":{"line":63,"column":4},"end":{"line":63,"column":62}},"21":{"start":{"line":66,"column":3},"end":{"line":66,"column":15}},"22":{"start":{"line":68,"column":3},"end":{"line":68,"column":55}},"23":{"start":{"line":69,"column":3},"end":{"line":69,"column":15}},"24":{"start":{"line":77,"column":2},"end":{"line":145,"column":3}},"25":{"start":{"line":78,"column":3},"end":{"line":78,"column":62}},"26":{"start":{"line":80,"column":16},"end":{"line":80,"column":66}},"27":{"start":{"line":81,"column":3},"end":{"line":83,"column":4}},"28":{"start":{"line":82,"column":4},"end":{"line":82,"column":38}},"29":{"start":{"line":85,"column":19},"end":{"line":85,"column":80}},"30":{"start":{"line":86,"column":3},"end":{"line":88,"column":4}},"31":{"start":{"line":87,"column":4},"end":{"line":87,"column":46}},"32":{"start":{"line":90,"column":23},"end":{"line":90,"column":24}},"33":{"start":{"line":91,"column":14},"end":{"line":91,"column":15}},"34":{"start":{"line":93,"column":3},"end":{"line":135,"column":4}},"35":{"start":{"line":94,"column":4},"end":{"line":134,"column":5}},"36":{"start":{"line":95,"column":22},"end":{"line":99,"column":null}},"37":{"start":{"line":102,"column":5},"end":{"line":105,"column":6}},"38":{"start":{"line":103,"column":6},"end":{"line":103,"column":54}},"39":{"start":{"line":104,"column":6},"end":{"line":104,"column":12}},"40":{"start":{"line":108,"column":30},"end":{"line":115,"column":8}},"41":{"start":{"line":108,"column":55},"end":{"line":115,"column":7}},"42":{"start":{"line":117,"column":22},"end":{"line":118,"column":null}},"43":{"start":{"line":121,"column":5},"end":{"line":121,"column":31}},"44":{"start":{"line":122,"column":5},"end":{"line":122,"column":67}},"45":{"start":{"line":125,"column":5},"end":{"line":127,"column":6}},"46":{"start":{"line":126,"column":6},"end":{"line":126,"column":64}},"47":{"start":{"line":129,"column":5},"end":{"line":129,"column":12}},"48":{"start":{"line":131,"column":5},"end":{"line":131,"column":70}},"49":{"start":{"line":132,"column":5},"end":{"line":132,"column":72}},"50":{"start":{"line":133,"column":5},"end":{"line":133,"column":11}},"51":{"start":{"line":138,"column":3},"end":{"line":138,"column":60}},"52":{"start":{"line":140,"column":3},"end":{"line":140,"column":75}},"53":{"start":{"line":141,"column":3},"end":{"line":141,"column":24}},"54":{"start":{"line":143,"column":3},"end":{"line":143,"column":63}},"55":{"start":{"line":144,"column":3},"end":{"line":144,"column":15}},"56":{"start":{"line":152,"column":2},"end":{"line":208,"column":3}},"57":{"start":{"line":153,"column":16},"end":{"line":153,"column":66}},"58":{"start":{"line":154,"column":3},"end":{"line":156,"column":4}},"59":{"start":{"line":155,"column":4},"end":{"line":155,"column":38}},"60":{"start":{"line":158,"column":3},"end":{"line":158,"column":47}},"61":{"start":{"line":160,"column":19},"end":{"line":160,"column":80}},"62":{"start":{"line":161,"column":3},"end":{"line":163,"column":4}},"63":{"start":{"line":162,"column":4},"end":{"line":162,"column":46}},"64":{"start":{"line":166,"column":20},"end":{"line":170,"column":null}},"65":{"start":{"line":173,"column":3},"end":{"line":177,"column":4}},"66":{"start":{"line":174,"column":4},"end":{"line":174,"column":41}},"67":{"start":{"line":175,"column":4},"end":{"line":175,"column":61}},"68":{"start":{"line":176,"column":4},"end":{"line":176,"column":13}},"69":{"start":{"line":180,"column":28},"end":{"line":187,"column":6}},"70":{"start":{"line":180,"column":53},"end":{"line":187,"column":5}},"71":{"start":{"line":189,"column":20},"end":{"line":190,"column":null}},"72":{"start":{"line":194,"column":3},"end":{"line":194,"column":60}},"73":{"start":{"line":196,"column":3},"end":{"line":196,"column":71}},"74":{"start":{"line":197,"column":3},"end":{"line":197,"column":19}},"75":{"start":{"line":199,"column":3},"end":{"line":199,"column":50}},"76":{"start":{"line":202,"column":16},"end":{"line":202,"column":66}},"77":{"start":{"line":203,"column":3},"end":{"line":205,"column":4}},"78":{"start":{"line":204,"column":4},"end":{"line":204,"column":75}},"79":{"start":{"line":207,"column":3},"end":{"line":207,"column":15}},"80":{"start":{"line":215,"column":16},"end":{"line":215,"column":59}},"81":{"start":{"line":216,"column":18},"end":{"line":220,"column":4}},"82":{"start":{"line":222,"column":2},"end":{"line":222,"column":53}},"83":{"start":{"line":224,"column":2},"end":{"line":237,"column":3}},"84":{"start":{"line":225,"column":3},"end":{"line":236,"column":4}},"85":{"start":{"line":226,"column":4},"end":{"line":226,"column":36}},"86":{"start":{"line":227,"column":4},"end":{"line":227,"column":25}},"87":{"start":{"line":230,"column":4},"end":{"line":232,"column":5}},"88":{"start":{"line":231,"column":5},"end":{"line":231,"column":63}},"89":{"start":{"line":234,"column":4},"end":{"line":234,"column":65}},"90":{"start":{"line":235,"column":4},"end":{"line":235,"column":21}},"91":{"start":{"line":239,"column":2},"end":{"line":239,"column":85}},"92":{"start":{"line":240,"column":2},"end":{"line":240,"column":17}},"93":{"start":{"line":247,"column":22},"end":{"line":247,"column":53}},"94":{"start":{"line":248,"column":21},"end":{"line":248,"column":83}},"95":{"start":{"line":250,"column":2},"end":{"line":250,"column":67}},"96":{"start":{"line":252,"column":18},"end":{"line":252,"column":19}},"97":{"start":{"line":254,"column":2},"end":{"line":266,"column":3}},"98":{"start":{"line":255,"column":3},"end":{"line":265,"column":4}},"99":{"start":{"line":256,"column":4},"end":{"line":256,"column":36}},"100":{"start":{"line":257,"column":4},"end":{"line":257,"column":16}},"101":{"start":{"line":260,"column":4},"end":{"line":262,"column":5}},"102":{"start":{"line":261,"column":5},"end":{"line":261,"column":63}},"103":{"start":{"line":264,"column":4},"end":{"line":264,"column":71}},"104":{"start":{"line":268,"column":2},"end":{"line":268,"column":52}},"105":{"start":{"line":269,"column":2},"end":{"line":269,"column":19}},"106":{"start":{"line":276,"column":2},"end":{"line":276,"column":79}},"107":{"start":{"line":277,"column":2},"end":{"line":277,"column":48}},"108":{"start":{"line":285,"column":2},"end":{"line":285,"column":62}},"109":{"start":{"line":288,"column":2},"end":{"line":288,"column":51}},"110":{"start":{"line":290,"column":2},"end":{"line":290,"column":39}},"111":{"start":{"line":297,"column":2},"end":{"line":297,"column":53}},"112":{"start":{"line":304,"column":2},"end":{"line":304,"column":60}},"113":{"start":{"line":311,"column":2},"end":{"line":311,"column":58}},"114":{"start":{"line":318,"column":2},"end":{"line":318,"column":37}},"115":{"start":{"line":319,"column":2},"end":{"line":319,"column":53}},"116":{"start":{"line":326,"column":2},"end":{"line":326,"column":57}},"117":{"start":{"line":326,"column":32},"end":{"line":326,"column":55}},"118":{"start":{"line":13,"column":0},"end":{"line":13,"column":13}}},"fnMap":{"0":{"name":"(anonymous_0)","decl":{"start":{"line":17,"column":1},"end":{"line":17,"column":13}},"loc":{"start":{"line":17,"column":34},"end":{"line":20,"column":2}}},"1":{"name":"(anonymous_1)","decl":{"start":{"line":25,"column":1},"end":{"line":25,"column":6}},"loc":{"start":{"line":25,"column":36},"end":{"line":71,"column":2}}},"2":{"name":"(anonymous_2)","decl":{"start":{"line":62,"column":58},"end":{"line":62,"column":61}},"loc":{"start":{"line":62,"column":64},"end":{"line":64,"column":4}}},"3":{"name":"(anonymous_3)","decl":{"start":{"line":76,"column":1},"end":{"line":76,"column":6}},"loc":{"start":{"line":76,"column":81},"end":{"line":146,"column":2}}},"4":{"name":"(anonymous_4)","decl":{"start":{"line":108,"column":43},"end":{"line":108,"column":50}},"loc":{"start":{"line":108,"column":55},"end":{"line":115,"column":7}}},"5":{"name":"(anonymous_5)","decl":{"start":{"line":151,"column":1},"end":{"line":151,"column":6}},"loc":{"start":{"line":151,"column":33},"end":{"line":209,"column":2}}},"6":{"name":"(anonymous_6)","decl":{"start":{"line":180,"column":41},"end":{"line":180,"column":48}},"loc":{"start":{"line":180,"column":53},"end":{"line":187,"column":5}}},"7":{"name":"(anonymous_7)","decl":{"start":{"line":214,"column":1},"end":{"line":214,"column":6}},"loc":{"start":{"line":214,"column":22},"end":{"line":241,"column":2}}},"8":{"name":"(anonymous_8)","decl":{"start":{"line":246,"column":1},"end":{"line":246,"column":6}},"loc":{"start":{"line":246,"column":51},"end":{"line":270,"column":2}}},"9":{"name":"(anonymous_9)","decl":{"start":{"line":275,"column":1},"end":{"line":275,"column":6}},"loc":{"start":{"line":275,"column":76},"end":{"line":278,"column":2}}},"10":{"name":"(anonymous_10)","decl":{"start":{"line":283,"column":1},"end":{"line":283,"column":6}},"loc":{"start":{"line":283,"column":32},"end":{"line":291,"column":2}}},"11":{"name":"(anonymous_11)","decl":{"start":{"line":296,"column":1},"end":{"line":296,"column":12}},"loc":{"start":{"line":296,"column":12},"end":{"line":298,"column":2}}},"12":{"name":"(anonymous_12)","decl":{"start":{"line":303,"column":1},"end":{"line":303,"column":8}},"loc":{"start":{"line":303,"column":23},"end":{"line":305,"column":2}}},"13":{"name":"(anonymous_13)","decl":{"start":{"line":310,"column":1},"end":{"line":310,"column":13}},"loc":{"start":{"line":310,"column":13},"end":{"line":312,"column":2}}},"14":{"name":"(anonymous_14)","decl":{"start":{"line":317,"column":1},"end":{"line":317,"column":15}},"loc":{"start":{"line":317,"column":27},"end":{"line":320,"column":2}}},"15":{"name":"(anonymous_15)","decl":{"start":{"line":325,"column":9},"end":{"line":325,"column":14}},"loc":{"start":{"line":325,"column":25},"end":{"line":327,"column":2}}},"16":{"name":"(anonymous_16)","decl":{"start":{"line":326,"column":21},"end":{"line":326,"column":28}},"loc":{"start":{"line":326,"column":32},"end":{"line":326,"column":55}}}},"branchMap":{"0":{"loc":{"start":{"line":32,"column":3},"end":{"line":34,"column":4}},"type":"if","locations":[{"start":{"line":32,"column":3},"end":{"line":34,"column":4}},{"start":{},"end":{}}]},"1":{"loc":{"start":{"line":32,"column":7},"end":{"line":32,"column":45}},"type":"binary-expr","locations":[{"start":{"line":32,"column":7},"end":{"line":32,"column":18}},{"start":{"line":32,"column":22},"end":{"line":32,"column":45}}]},"2":{"loc":{"start":{"line":40,"column":3},"end":{"line":43,"column":4}},"type":"if","locations":[{"start":{"line":40,"column":3},"end":{"line":43,"column":4}},{"start":{},"end":{}}]},"3":{"loc":{"start":{"line":47,"column":3},"end":{"line":49,"column":4}},"type":"if","locations":[{"start":{"line":47,"column":3},"end":{"line":49,"column":4}},{"start":{},"end":{}}]},"4":{"loc":{"start":{"line":55,"column":4},"end":{"line":55,"column":22}},"type":"binary-expr","locations":[{"start":{"line":55,"column":4},"end":{"line":55,"column":16}},{"start":{"line":55,"column":20},"end":{"line":55,"column":22}}]},"5":{"loc":{"start":{"line":76,"column":61},"end":{"line":76,"column":81}},"type":"default-arg","locations":[{"start":{"line":76,"column":80},"end":{"line":76,"column":81}}]},"6":{"loc":{"start":{"line":81,"column":3},"end":{"line":83,"column":4}},"type":"if","locations":[{"start":{"line":81,"column":3},"end":{"line":83,"column":4}},{"start":{},"end":{}}]},"7":{"loc":{"start":{"line":86,"column":3},"end":{"line":88,"column":4}},"type":"if","locations":[{"start":{"line":86,"column":3},"end":{"line":88,"column":4}},{"start":{},"end":{}}]},"8":{"loc":{"start":{"line":102,"column":5},"end":{"line":105,"column":6}},"type":"if","locations":[{"start":{"line":102,"column":5},"end":{"line":105,"column":6}},{"start":{},"end":{}}]},"9":{"loc":{"start":{"line":125,"column":5},"end":{"line":127,"column":6}},"type":"if","locations":[{"start":{"line":125,"column":5},"end":{"line":127,"column":6}},{"start":{},"end":{}}]},"10":{"loc":{"start":{"line":154,"column":3},"end":{"line":156,"column":4}},"type":"if","locations":[{"start":{"line":154,"column":3},"end":{"line":156,"column":4}},{"start":{},"end":{}}]},"11":{"loc":{"start":{"line":161,"column":3},"end":{"line":163,"column":4}},"type":"if","locations":[{"start":{"line":161,"column":3},"end":{"line":163,"column":4}},{"start":{},"end":{}}]},"12":{"loc":{"start":{"line":173,"column":3},"end":{"line":177,"column":4}},"type":"if","locations":[{"start":{"line":173,"column":3},"end":{"line":177,"column":4}},{"start":{},"end":{}}]},"13":{"loc":{"start":{"line":203,"column":3},"end":{"line":205,"column":4}},"type":"if","locations":[{"start":{"line":203,"column":3},"end":{"line":205,"column":4}},{"start":{},"end":{}}]},"14":{"loc":{"start":{"line":230,"column":4},"end":{"line":232,"column":5}},"type":"if","locations":[{"start":{"line":230,"column":4},"end":{"line":232,"column":5}},{"start":{},"end":{}}]},"15":{"loc":{"start":{"line":246,"column":25},"end":{"line":246,"column":51}},"type":"default-arg","locations":[{"start":{"line":246,"column":50},"end":{"line":246,"column":51}}]},"16":{"loc":{"start":{"line":260,"column":4},"end":{"line":262,"column":5}},"type":"if","locations":[{"start":{"line":260,"column":4},"end":{"line":262,"column":5}},{"start":{},"end":{}}]}},"s":{"0":1,"1":1,"2":29,"3":29,"4":5,"5":5,"6":5,"7":4,"8":1,"9":3,"10":3,"11":3,"12":1,"13":1,"14":2,"15":2,"16":1,"17":1,"18":1,"19":1,"20":1,"21":1,"22":3,"23":3,"24":7,"25":7,"26":7,"27":7,"28":2,"29":5,"30":5,"31":1,"32":4,"33":4,"34":4,"35":6,"36":6,"37":5,"38":2,"39":2,"40":3,"41":15,"42":3,"43":3,"44":3,"45":3,"46":2,"47":3,"48":1,"49":1,"50":1,"51":4,"52":4,"53":4,"54":3,"55":3,"56":11,"57":11,"58":11,"59":1,"60":10,"61":10,"62":10,"63":1,"64":9,"65":6,"66":1,"67":1,"68":1,"69":5,"70":25,"71":5,"72":5,"73":5,"74":5,"75":5,"76":5,"77":5,"78":3,"79":5,"80":3,"81":3,"82":3,"83":3,"84":4,"85":4,"86":3,"87":3,"88":2,"89":1,"90":1,"91":3,"92":3,"93":3,"94":3,"95":3,"96":3,"97":3,"98":2,"99":2,"100":1,"101":1,"102":0,"103":1,"104":3,"105":3,"106":1,"107":1,"108":1,"109":1,"110":1,"111":1,"112":2,"113":1,"114":1,"115":1,"116":4,"117":4,"118":1},"f":{"0":29,"1":5,"2":1,"3":7,"4":15,"5":11,"6":25,"7":3,"8":3,"9":1,"10":1,"11":1,"12":2,"13":1,"14":1,"15":4,"16":4},"b":{"0":[1,3],"1":[4,4],"2":[1,2],"3":[1,1],"4":[1,0],"5":[3],"6":[2,5],"7":[1,4],"8":[2,3],"9":[2,1],"10":[1,10],"11":[1,9],"12":[1,5],"13":[3,2],"14":[2,1],"15":[0],"16":[0,1]}}
,"D:\\obsidian-plugin\\wechat-account-assemble\\src\\services\\NoteCreator.ts": {"path":"D:\\obsidian-plugin\\wechat-account-assemble\\src\\services\\NoteCreator.ts","statementMap":{"0":{"start":{"line":1,"column":0},"end":{"line":1,"column":62}},"1":{"start":{"line":4,"column":0},"end":{"line":4,"column":69}},"2":{"start":{"line":5,"column":0},"end":{"line":5,"column":41}},"3":{"start":{"line":22,"column":2},"end":{"line":22,"column":23}},"4":{"start":{"line":23,"column":2},"end":{"line":23,"column":24}},"5":{"start":{"line":24,"column":2},"end":{"line":24,"column":42}},"6":{"start":{"line":31,"column":2},"end":{"line":67,"column":3}},"7":{"start":{"line":32,"column":51},"end":{"line":32,"column":71}},"8":{"start":{"line":35,"column":20},"end":{"line":35,"column":70}},"9":{"start":{"line":38,"column":24},"end":{"line":38,"column":70}},"10":{"start":{"line":39,"column":3},"end":{"line":42,"column":4}},"11":{"start":{"line":40,"column":4},"end":{"line":40,"column":57}},"12":{"start":{"line":41,"column":4},"end":{"line":41,"column":24}},"13":{"start":{"line":45,"column":34},"end":{"line":51,"column":5}},"14":{"start":{"line":54,"column":19},"end":{"line":54,"column":76}},"15":{"start":{"line":57,"column":3},"end":{"line":57,"column":43}},"16":{"start":{"line":60,"column":16},"end":{"line":60,"column":62}},"17":{"start":{"line":61,"column":3},"end":{"line":61,"column":49}},"18":{"start":{"line":63,"column":3},"end":{"line":63,"column":15}},"19":{"start":{"line":65,"column":3},"end":{"line":65,"column":80}},"20":{"start":{"line":66,"column":3},"end":{"line":66,"column":15}},"21":{"start":{"line":77,"column":16},"end":{"line":77,"column":17}},"22":{"start":{"line":78,"column":16},"end":{"line":78,"column":17}},"23":{"start":{"line":79,"column":15},"end":{"line":79,"column":16}},"24":{"start":{"line":81,"column":2},"end":{"line":103,"column":3}},"25":{"start":{"line":82,"column":16},"end":{"line":82,"column":44}},"26":{"start":{"line":83,"column":3},"end":{"line":87,"column":4}},"27":{"start":{"line":84,"column":4},"end":{"line":84,"column":65}},"28":{"start":{"line":85,"column":4},"end":{"line":85,"column":13}},"29":{"start":{"line":86,"column":4},"end":{"line":86,"column":13}},"30":{"start":{"line":89,"column":16},"end":{"line":89,"column":63}},"31":{"start":{"line":90,"column":3},"end":{"line":102,"column":4}},"32":{"start":{"line":92,"column":27},"end":{"line":92,"column":69}},"33":{"start":{"line":93,"column":4},"end":{"line":99,"column":5}},"34":{"start":{"line":94,"column":5},"end":{"line":94,"column":15}},"35":{"start":{"line":96,"column":5},"end":{"line":96,"column":15}},"36":{"start":{"line":98,"column":5},"end":{"line":98,"column":59}},"37":{"start":{"line":101,"column":4},"end":{"line":101,"column":13}},"38":{"start":{"line":105,"column":2},"end":{"line":105,"column":38}},"39":{"start":{"line":113,"column":21},"end":{"line":113,"column":49}},"40":{"start":{"line":116,"column":19},"end":{"line":116,"column":50}},"41":{"start":{"line":119,"column":15},"end":{"line":119,"column":76}},"42":{"start":{"line":121,"column":2},"end":{"line":121,"column":14}},"43":{"start":{"line":133,"column":16},"end":{"line":140,"column":75}},"44":{"start":{"line":140,"column":54},"end":{"line":140,"column":63}},"45":{"start":{"line":143,"column":2},"end":{"line":143,"column":65}},"46":{"start":{"line":145,"column":2},"end":{"line":145,"column":17}},"47":{"start":{"line":153,"column":14},"end":{"line":156,"column":17}},"48":{"start":{"line":158,"column":2},"end":{"line":158,"column":43}},"49":{"start":{"line":165,"column":21},"end":{"line":165,"column":69}},"50":{"start":{"line":167,"column":2},"end":{"line":169,"column":3}},"51":{"start":{"line":168,"column":3},"end":{"line":168,"column":10}},"52":{"start":{"line":171,"column":17},"end":{"line":171,"column":65}},"53":{"start":{"line":173,"column":2},"end":{"line":178,"column":3}},"54":{"start":{"line":174,"column":3},"end":{"line":174,"column":49}},"55":{"start":{"line":175,"column":3},"end":{"line":175,"column":54}},"56":{"start":{"line":176,"column":9},"end":{"line":178,"column":3}},"57":{"start":{"line":177,"column":3},"end":{"line":177,"column":69}},"58":{"start":{"line":187,"column":16},"end":{"line":187,"column":49}},"59":{"start":{"line":189,"column":2},"end":{"line":194,"column":3}},"60":{"start":{"line":190,"column":19},"end":{"line":190,"column":50}},"61":{"start":{"line":191,"column":3},"end":{"line":193,"column":4}},"62":{"start":{"line":192,"column":4},"end":{"line":192,"column":21}},"63":{"start":{"line":196,"column":2},"end":{"line":196,"column":14}},"64":{"start":{"line":203,"column":2},"end":{"line":211,"column":3}},"65":{"start":{"line":204,"column":3},"end":{"line":207,"column":6}},"66":{"start":{"line":208,"column":3},"end":{"line":208,"column":78}},"67":{"start":{"line":210,"column":3},"end":{"line":210,"column":70}},"68":{"start":{"line":218,"column":2},"end":{"line":229,"column":3}},"69":{"start":{"line":219,"column":16},"end":{"line":219,"column":62}},"70":{"start":{"line":220,"column":3},"end":{"line":224,"column":4}},"71":{"start":{"line":221,"column":4},"end":{"line":221,"column":38}},"72":{"start":{"line":222,"column":4},"end":{"line":222,"column":50}},"73":{"start":{"line":223,"column":4},"end":{"line":223,"column":16}},"74":{"start":{"line":225,"column":3},"end":{"line":225,"column":16}},"75":{"start":{"line":227,"column":3},"end":{"line":227,"column":66}},"76":{"start":{"line":228,"column":3},"end":{"line":228,"column":16}},"77":{"start":{"line":236,"column":2},"end":{"line":247,"column":3}},"78":{"start":{"line":237,"column":16},"end":{"line":237,"column":62}},"79":{"start":{"line":238,"column":3},"end":{"line":242,"column":4}},"80":{"start":{"line":239,"column":4},"end":{"line":239,"column":50}},"81":{"start":{"line":240,"column":4},"end":{"line":240,"column":50}},"82":{"start":{"line":241,"column":4},"end":{"line":241,"column":16}},"83":{"start":{"line":243,"column":3},"end":{"line":243,"column":16}},"84":{"start":{"line":245,"column":3},"end":{"line":245,"column":66}},"85":{"start":{"line":246,"column":3},"end":{"line":246,"column":16}},"86":{"start":{"line":254,"column":15},"end":{"line":254,"column":61}},"87":{"start":{"line":255,"column":2},"end":{"line":255,"column":45}},"88":{"start":{"line":262,"column":2},"end":{"line":262,"column":41}},"89":{"start":{"line":16,"column":0},"end":{"line":16,"column":13}}},"fnMap":{"0":{"name":"(anonymous_0)","decl":{"start":{"line":21,"column":1},"end":{"line":21,"column":13}},"loc":{"start":{"line":21,"column":34},"end":{"line":25,"column":2}}},"1":{"name":"(anonymous_1)","decl":{"start":{"line":30,"column":1},"end":{"line":30,"column":6}},"loc":{"start":{"line":30,"column":57},"end":{"line":68,"column":2}}},"2":{"name":"(anonymous_2)","decl":{"start":{"line":73,"column":1},"end":{"line":73,"column":6}},"loc":{"start":{"line":75,"column":29},"end":{"line":106,"column":2}}},"3":{"name":"(anonymous_3)","decl":{"start":{"line":111,"column":9},"end":{"line":111,"column":25}},"loc":{"start":{"line":111,"column":76},"end":{"line":122,"column":2}}},"4":{"name":"(anonymous_4)","decl":{"start":{"line":127,"column":9},"end":{"line":127,"column":28}},"loc":{"start":{"line":130,"column":18},"end":{"line":146,"column":2}}},"5":{"name":"(anonymous_5)","decl":{"start":{"line":140,"column":47},"end":{"line":140,"column":50}},"loc":{"start":{"line":140,"column":54},"end":{"line":140,"column":63}}},"6":{"name":"(anonymous_6)","decl":{"start":{"line":151,"column":9},"end":{"line":151,"column":20}},"loc":{"start":{"line":151,"column":38},"end":{"line":159,"column":2}}},"7":{"name":"(anonymous_7)","decl":{"start":{"line":164,"column":9},"end":{"line":164,"column":14}},"loc":{"start":{"line":164,"column":50},"end":{"line":179,"column":2}}},"8":{"name":"(anonymous_8)","decl":{"start":{"line":184,"column":9},"end":{"line":184,"column":14}},"loc":{"start":{"line":184,"column":45},"end":{"line":197,"column":2}}},"9":{"name":"(anonymous_9)","decl":{"start":{"line":202,"column":9},"end":{"line":202,"column":14}},"loc":{"start":{"line":202,"column":70},"end":{"line":212,"column":2}}},"10":{"name":"(anonymous_10)","decl":{"start":{"line":217,"column":1},"end":{"line":217,"column":6}},"loc":{"start":{"line":217,"column":34},"end":{"line":230,"column":2}}},"11":{"name":"(anonymous_11)","decl":{"start":{"line":235,"column":1},"end":{"line":235,"column":6}},"loc":{"start":{"line":235,"column":54},"end":{"line":248,"column":2}}},"12":{"name":"(anonymous_12)","decl":{"start":{"line":253,"column":1},"end":{"line":253,"column":8}},"loc":{"start":{"line":253,"column":25},"end":{"line":256,"column":2}}},"13":{"name":"(anonymous_13)","decl":{"start":{"line":261,"column":1},"end":{"line":261,"column":11}},"loc":{"start":{"line":261,"column":28},"end":{"line":263,"column":2}}}},"branchMap":{"0":{"loc":{"start":{"line":39,"column":3},"end":{"line":42,"column":4}},"type":"if","locations":[{"start":{"line":39,"column":3},"end":{"line":42,"column":4}},{"start":{},"end":{}}]},"1":{"loc":{"start":{"line":50,"column":10},"end":{"line":50,"column":53}},"type":"cond-expr","locations":[{"start":{"line":50,"column":20},"end":{"line":50,"column":48}},{"start":{"line":50,"column":51},"end":{"line":50,"column":53}}]},"2":{"loc":{"start":{"line":83,"column":3},"end":{"line":87,"column":4}},"type":"if","locations":[{"start":{"line":83,"column":3},"end":{"line":87,"column":4}},{"start":{},"end":{}}]},"3":{"loc":{"start":{"line":90,"column":3},"end":{"line":102,"column":4}},"type":"if","locations":[{"start":{"line":90,"column":3},"end":{"line":102,"column":4}},{"start":{"line":100,"column":10},"end":{"line":102,"column":4}}]},"4":{"loc":{"start":{"line":93,"column":4},"end":{"line":99,"column":5}},"type":"if","locations":[{"start":{"line":93,"column":4},"end":{"line":99,"column":5}},{"start":{"line":95,"column":11},"end":{"line":99,"column":5}}]},"5":{"loc":{"start":{"line":136,"column":31},"end":{"line":136,"column":59}},"type":"binary-expr","locations":[{"start":{"line":136,"column":31},"end":{"line":136,"column":46}},{"start":{"line":136,"column":50},"end":{"line":136,"column":59}}]},"6":{"loc":{"start":{"line":167,"column":2},"end":{"line":169,"column":3}},"type":"if","locations":[{"start":{"line":167,"column":2},"end":{"line":169,"column":3}},{"start":{},"end":{}}]},"7":{"loc":{"start":{"line":173,"column":2},"end":{"line":178,"column":3}},"type":"if","locations":[{"start":{"line":173,"column":2},"end":{"line":178,"column":3}},{"start":{"line":176,"column":9},"end":{"line":178,"column":3}}]},"8":{"loc":{"start":{"line":176,"column":9},"end":{"line":178,"column":3}},"type":"if","locations":[{"start":{"line":176,"column":9},"end":{"line":178,"column":3}},{"start":{},"end":{}}]},"9":{"loc":{"start":{"line":191,"column":3},"end":{"line":193,"column":4}},"type":"if","locations":[{"start":{"line":191,"column":3},"end":{"line":193,"column":4}},{"start":{},"end":{}}]},"10":{"loc":{"start":{"line":220,"column":3},"end":{"line":224,"column":4}},"type":"if","locations":[{"start":{"line":220,"column":3},"end":{"line":224,"column":4}},{"start":{},"end":{}}]},"11":{"loc":{"start":{"line":238,"column":3},"end":{"line":242,"column":4}},"type":"if","locations":[{"start":{"line":238,"column":3},"end":{"line":242,"column":4}},{"start":{},"end":{}}]},"12":{"loc":{"start":{"line":255,"column":9},"end":{"line":255,"column":44}},"type":"cond-expr","locations":[{"start":{"line":255,"column":33},"end":{"line":255,"column":37}},{"start":{"line":255,"column":40},"end":{"line":255,"column":44}}]}},"s":{"0":1,"1":1,"2":1,"3":47,"4":47,"5":47,"6":13,"7":13,"8":13,"9":13,"10":11,"11":2,"12":2,"13":9,"14":9,"15":9,"16":9,"17":9,"18":9,"19":2,"20":2,"21":5,"22":5,"23":5,"24":5,"25":6,"26":6,"27":1,"28":1,"29":1,"30":5,"31":5,"32":4,"33":4,"34":1,"35":3,"36":3,"37":1,"38":5,"39":16,"40":16,"41":16,"42":16,"43":13,"44":20,"45":13,"46":13,"47":14,"48":14,"49":13,"50":13,"51":1,"52":12,"53":12,"54":10,"55":10,"56":2,"57":1,"58":7,"59":7,"60":5,"61":5,"62":3,"63":4,"64":3,"65":3,"66":3,"67":0,"68":4,"69":4,"70":4,"71":2,"72":1,"73":1,"74":2,"75":1,"76":1,"77":4,"78":4,"79":4,"80":2,"81":1,"82":1,"83":2,"84":1,"85":1,"86":6,"87":6,"88":3,"89":1},"f":{"0":47,"1":13,"2":5,"3":16,"4":13,"5":20,"6":14,"7":13,"8":7,"9":3,"10":4,"11":4,"12":6,"13":3},"b":{"0":[2,9],"1":[8,1],"2":[1,5],"3":[4,1],"4":[1,3],"5":[13,13],"6":[1,12],"7":[10,2],"8":[1,1],"9":[3,2],"10":[2,2],"11":[2,2],"12":[2,4]}}
,"D:\\obsidian-plugin\\wechat-account-assemble\\src\\services\\SyncService.ts": {"path":"D:\\obsidian-plugin\\wechat-account-assemble\\src\\services\\SyncService.ts","statementMap":{"0":{"start":{"line":2,"column":0},"end":{"line":2,"column":41}},"1":{"start":{"line":29,"column":30},"end":{"line":29,"column":35}},"2":{"start":{"line":30,"column":37},"end":{"line":30,"column":41}},"3":{"start":{"line":33,"column":2},"end":{"line":33,"column":23}},"4":{"start":{"line":34,"column":2},"end":{"line":34,"column":42}},"5":{"start":{"line":41,"column":2},"end":{"line":44,"column":3}},"6":{"start":{"line":42,"column":3},"end":{"line":42,"column":61}},"7":{"start":{"line":43,"column":3},"end":{"line":43,"column":47}},"8":{"start":{"line":46,"column":2},"end":{"line":46,"column":24}},"9":{"start":{"line":47,"column":29},"end":{"line":55,"column":4}},"10":{"start":{"line":57,"column":2},"end":{"line":85,"column":3}},"11":{"start":{"line":58,"column":3},"end":{"line":58,"column":49}},"12":{"start":{"line":61,"column":25},"end":{"line":61,"column":57}},"13":{"start":{"line":62,"column":3},"end":{"line":62,"column":52}},"14":{"start":{"line":63,"column":3},"end":{"line":63,"column":45}},"15":{"start":{"line":64,"column":3},"end":{"line":64,"column":64}},"16":{"start":{"line":65,"column":3},"end":{"line":65,"column":47}},"17":{"start":{"line":68,"column":3},"end":{"line":73,"column":4}},"18":{"start":{"line":69,"column":23},"end":{"line":69,"column":66}},"19":{"start":{"line":70,"column":4},"end":{"line":70,"column":45}},"20":{"start":{"line":71,"column":4},"end":{"line":71,"column":45}},"21":{"start":{"line":72,"column":4},"end":{"line":72,"column":43}},"22":{"start":{"line":75,"column":3},"end":{"line":75,"column":34}},"23":{"start":{"line":76,"column":3},"end":{"line":76,"column":59}},"24":{"start":{"line":78,"column":3},"end":{"line":78,"column":17}},"25":{"start":{"line":80,"column":3},"end":{"line":80,"column":44}},"26":{"start":{"line":81,"column":3},"end":{"line":81,"column":37}},"27":{"start":{"line":82,"column":3},"end":{"line":82,"column":15}},"28":{"start":{"line":84,"column":3},"end":{"line":84,"column":26}},"29":{"start":{"line":97,"column":43},"end":{"line":97,"column":50}},"30":{"start":{"line":98,"column":17},"end":{"line":103,"column":4}},"31":{"start":{"line":107,"column":2},"end":{"line":118,"column":3}},"32":{"start":{"line":109,"column":3},"end":{"line":111,"column":51}},"33":{"start":{"line":110,"column":15},"end":{"line":110,"column":61}},"34":{"start":{"line":111,"column":36},"end":{"line":111,"column":49}},"35":{"start":{"line":112,"column":9},"end":{"line":118,"column":3}},"36":{"start":{"line":114,"column":3},"end":{"line":114,"column":82}},"37":{"start":{"line":117,"column":3},"end":{"line":117,"column":55}},"38":{"start":{"line":120,"column":2},"end":{"line":120,"column":58}},"39":{"start":{"line":123,"column":2},"end":{"line":135,"column":3}},"40":{"start":{"line":124,"column":3},"end":{"line":134,"column":4}},"41":{"start":{"line":125,"column":25},"end":{"line":125,"column":75}},"42":{"start":{"line":126,"column":4},"end":{"line":126,"column":46}},"43":{"start":{"line":127,"column":4},"end":{"line":127,"column":24}},"44":{"start":{"line":128,"column":4},"end":{"line":128,"column":84}},"45":{"start":{"line":130,"column":4},"end":{"line":130,"column":20}},"46":{"start":{"line":131,"column":21},"end":{"line":131,"column":77}},"47":{"start":{"line":132,"column":4},"end":{"line":132,"column":33}},"48":{"start":{"line":133,"column":4},"end":{"line":133,"column":32}},"49":{"start":{"line":137,"column":2},"end":{"line":137,"column":16}},"50":{"start":{"line":149,"column":19},"end":{"line":149,"column":70}},"51":{"start":{"line":151,"column":2},"end":{"line":154,"column":3}},"52":{"start":{"line":152,"column":3},"end":{"line":152,"column":50}},"53":{"start":{"line":153,"column":3},"end":{"line":153,"column":48}},"54":{"start":{"line":156,"column":2},"end":{"line":156,"column":81}},"55":{"start":{"line":159,"column":19},"end":{"line":159,"column":42}},"56":{"start":{"line":160,"column":24},"end":{"line":160,"column":65}},"57":{"start":{"line":160,"column":54},"end":{"line":160,"column":62}},"58":{"start":{"line":161,"column":2},"end":{"line":166,"column":3}},"59":{"start":{"line":162,"column":16},"end":{"line":162,"column":66}},"60":{"start":{"line":163,"column":3},"end":{"line":165,"column":4}},"61":{"start":{"line":164,"column":4},"end":{"line":164,"column":31}},"62":{"start":{"line":169,"column":17},"end":{"line":169,"column":90}},"63":{"start":{"line":171,"column":2},"end":{"line":171,"column":54}},"64":{"start":{"line":173,"column":2},"end":{"line":173,"column":16}},"65":{"start":{"line":180,"column":2},"end":{"line":183,"column":5}},"66":{"start":{"line":190,"column":2},"end":{"line":193,"column":5}},"67":{"start":{"line":204,"column":2},"end":{"line":206,"column":3}},"68":{"start":{"line":205,"column":3},"end":{"line":205,"column":47}},"69":{"start":{"line":208,"column":2},"end":{"line":208,"column":24}},"70":{"start":{"line":209,"column":2},"end":{"line":213,"column":3}},"71":{"start":{"line":210,"column":3},"end":{"line":210,"column":54}},"72":{"start":{"line":212,"column":3},"end":{"line":212,"column":26}},"73":{"start":{"line":220,"column":2},"end":{"line":220,"column":24}},"74":{"start":{"line":227,"column":2},"end":{"line":227,"column":27}},"75":{"start":{"line":241,"column":16},"end":{"line":241,"column":59}},"76":{"start":{"line":242,"column":19},"end":{"line":242,"column":65}},"77":{"start":{"line":243,"column":19},"end":{"line":243,"column":70}},"78":{"start":{"line":245,"column":2},"end":{"line":252,"column":4}},"79":{"start":{"line":259,"column":2},"end":{"line":266,"column":3}},"80":{"start":{"line":260,"column":19},"end":{"line":260,"column":84}},"81":{"start":{"line":261,"column":3},"end":{"line":261,"column":93}},"82":{"start":{"line":262,"column":3},"end":{"line":262,"column":18}},"83":{"start":{"line":264,"column":3},"end":{"line":264,"column":63}},"84":{"start":{"line":265,"column":3},"end":{"line":265,"column":15}},"85":{"start":{"line":26,"column":0},"end":{"line":26,"column":13}}},"fnMap":{"0":{"name":"(anonymous_0)","decl":{"start":{"line":32,"column":1},"end":{"line":32,"column":13}},"loc":{"start":{"line":32,"column":34},"end":{"line":35,"column":2}}},"1":{"name":"(anonymous_1)","decl":{"start":{"line":40,"column":1},"end":{"line":40,"column":6}},"loc":{"start":{"line":40,"column":40},"end":{"line":86,"column":2}}},"2":{"name":"(anonymous_2)","decl":{"start":{"line":91,"column":9},"end":{"line":91,"column":14}},"loc":{"start":{"line":91,"column":48},"end":{"line":138,"column":2}}},"3":{"name":"(anonymous_3)","decl":{"start":{"line":110,"column":9},"end":{"line":110,"column":11}},"loc":{"start":{"line":110,"column":15},"end":{"line":110,"column":61}}},"4":{"name":"(anonymous_4)","decl":{"start":{"line":111,"column":12},"end":{"line":111,"column":13}},"loc":{"start":{"line":111,"column":36},"end":{"line":111,"column":49}}},"5":{"name":"(anonymous_5)","decl":{"start":{"line":143,"column":9},"end":{"line":143,"column":14}},"loc":{"start":{"line":143,"column":45},"end":{"line":174,"column":2}}},"6":{"name":"(anonymous_6)","decl":{"start":{"line":160,"column":49},"end":{"line":160,"column":50}},"loc":{"start":{"line":160,"column":54},"end":{"line":160,"column":62}}},"7":{"name":"(anonymous_7)","decl":{"start":{"line":179,"column":1},"end":{"line":179,"column":6}},"loc":{"start":{"line":179,"column":30},"end":{"line":184,"column":2}}},"8":{"name":"(anonymous_8)","decl":{"start":{"line":189,"column":1},"end":{"line":189,"column":6}},"loc":{"start":{"line":189,"column":53},"end":{"line":194,"column":2}}},"9":{"name":"(anonymous_9)","decl":{"start":{"line":199,"column":1},"end":{"line":199,"column":6}},"loc":{"start":{"line":199,"column":26},"end":{"line":214,"column":2}}},"10":{"name":"(anonymous_10)","decl":{"start":{"line":219,"column":1},"end":{"line":219,"column":10}},"loc":{"start":{"line":219,"column":10},"end":{"line":221,"column":2}}},"11":{"name":"(anonymous_11)","decl":{"start":{"line":226,"column":1},"end":{"line":226,"column":16}},"loc":{"start":{"line":226,"column":16},"end":{"line":228,"column":2}}},"12":{"name":"(anonymous_12)","decl":{"start":{"line":233,"column":1},"end":{"line":233,"column":6}},"loc":{"start":{"line":233,"column":19},"end":{"line":253,"column":2}}},"13":{"name":"(anonymous_13)","decl":{"start":{"line":258,"column":1},"end":{"line":258,"column":6}},"loc":{"start":{"line":258,"column":52},"end":{"line":267,"column":2}}}},"branchMap":{"0":{"loc":{"start":{"line":40,"column":15},"end":{"line":40,"column":40}},"type":"default-arg","locations":[{"start":{"line":40,"column":38},"end":{"line":40,"column":40}}]},"1":{"loc":{"start":{"line":41,"column":2},"end":{"line":44,"column":3}},"type":"if","locations":[{"start":{"line":41,"column":2},"end":{"line":44,"column":3}},{"start":{},"end":{}}]},"2":{"loc":{"start":{"line":68,"column":3},"end":{"line":73,"column":4}},"type":"if","locations":[{"start":{"line":68,"column":3},"end":{"line":73,"column":4}},{"start":{},"end":{}}]},"3":{"loc":{"start":{"line":107,"column":2},"end":{"line":118,"column":3}},"type":"if","locations":[{"start":{"line":107,"column":2},"end":{"line":118,"column":3}},{"start":{"line":112,"column":9},"end":{"line":118,"column":3}}]},"4":{"loc":{"start":{"line":107,"column":6},"end":{"line":107,"column":35}},"type":"binary-expr","locations":[{"start":{"line":107,"column":6},"end":{"line":107,"column":13}},{"start":{"line":107,"column":17},"end":{"line":107,"column":35}}]},"5":{"loc":{"start":{"line":112,"column":9},"end":{"line":118,"column":3}},"type":"if","locations":[{"start":{"line":112,"column":9},"end":{"line":118,"column":3}},{"start":{"line":115,"column":9},"end":{"line":118,"column":3}}]},"6":{"loc":{"start":{"line":151,"column":2},"end":{"line":154,"column":3}},"type":"if","locations":[{"start":{"line":151,"column":2},"end":{"line":154,"column":3}},{"start":{},"end":{}}]},"7":{"loc":{"start":{"line":163,"column":3},"end":{"line":165,"column":4}},"type":"if","locations":[{"start":{"line":163,"column":3},"end":{"line":165,"column":4}},{"start":{},"end":{}}]},"8":{"loc":{"start":{"line":189,"column":28},"end":{"line":189,"column":53}},"type":"default-arg","locations":[{"start":{"line":189,"column":51},"end":{"line":189,"column":53}}]},"9":{"loc":{"start":{"line":204,"column":2},"end":{"line":206,"column":3}},"type":"if","locations":[{"start":{"line":204,"column":2},"end":{"line":206,"column":3}},{"start":{},"end":{}}]},"10":{"loc":{"start":{"line":258,"column":26},"end":{"line":258,"column":52}},"type":"default-arg","locations":[{"start":{"line":258,"column":50},"end":{"line":258,"column":52}}]}},"s":{"0":0,"1":0,"2":0,"3":0,"4":0,"5":0,"6":0,"7":0,"8":0,"9":0,"10":0,"11":0,"12":0,"13":0,"14":0,"15":0,"16":0,"17":0,"18":0,"19":0,"20":0,"21":0,"22":0,"23":0,"24":0,"25":0,"26":0,"27":0,"28":0,"29":0,"30":0,"31":0,"32":0,"33":0,"34":0,"35":0,"36":0,"37":0,"38":0,"39":0,"40":0,"41":0,"42":0,"43":0,"44":0,"45":0,"46":0,"47":0,"48":0,"49":0,"50":0,"51":0,"52":0,"53":0,"54":0,"55":0,"56":0,"57":0,"58":0,"59":0,"60":0,"61":0,"62":0,"63":0,"64":0,"65":0,"66":0,"67":0,"68":0,"69":0,"70":0,"71":0,"72":0,"73":0,"74":0,"75":0,"76":0,"77":0,"78":0,"79":0,"80":0,"81":0,"82":0,"83":0,"84":0,"85":0},"f":{"0":0,"1":0,"2":0,"3":0,"4":0,"5":0,"6":0,"7":0,"8":0,"9":0,"10":0,"11":0,"12":0,"13":0},"b":{"0":[0],"1":[0,0],"2":[0,0],"3":[0,0],"4":[0,0],"5":[0,0],"6":[0,0],"7":[0,0],"8":[0],"9":[0,0],"10":[0]}}
,"D:\\obsidian-plugin\\wechat-account-assemble\\src\\services\\TaskScheduler.ts": {"path":"D:\\obsidian-plugin\\wechat-account-assemble\\src\\services\\TaskScheduler.ts","statementMap":{"0":{"start":{"line":2,"column":0},"end":{"line":2,"column":41}},"1":{"start":{"line":22,"column":45},"end":{"line":22,"column":54}},"2":{"start":{"line":23,"column":39},"end":{"line":23,"column":43}},"3":{"start":{"line":24,"column":37},"end":{"line":24,"column":42}},"4":{"start":{"line":27,"column":2},"end":{"line":27,"column":23}},"5":{"start":{"line":28,"column":2},"end":{"line":28,"column":44}},"6":{"start":{"line":35,"column":2},"end":{"line":38,"column":3}},"7":{"start":{"line":36,"column":3},"end":{"line":36,"column":49}},"8":{"start":{"line":37,"column":3},"end":{"line":37,"column":10}},"9":{"start":{"line":40,"column":2},"end":{"line":40,"column":49}},"10":{"start":{"line":43,"column":2},"end":{"line":43,"column":14}},"11":{"start":{"line":46,"column":2},"end":{"line":48,"column":28}},"12":{"start":{"line":47,"column":3},"end":{"line":47,"column":15}},"13":{"start":{"line":50,"column":2},"end":{"line":50,"column":45}},"14":{"start":{"line":57,"column":2},"end":{"line":60,"column":3}},"15":{"start":{"line":58,"column":3},"end":{"line":58,"column":45}},"16":{"start":{"line":59,"column":3},"end":{"line":59,"column":10}},"17":{"start":{"line":62,"column":2},"end":{"line":62,"column":49}},"18":{"start":{"line":64,"column":2},"end":{"line":64,"column":42}},"19":{"start":{"line":65,"column":2},"end":{"line":65,"column":27}},"20":{"start":{"line":67,"column":2},"end":{"line":67,"column":45}},"21":{"start":{"line":78,"column":2},"end":{"line":80,"column":3}},"22":{"start":{"line":79,"column":3},"end":{"line":79,"column":66}},"23":{"start":{"line":82,"column":14},"end":{"line":82,"column":24}},"24":{"start":{"line":83,"column":18},"end":{"line":83,"column":67}},"25":{"start":{"line":85,"column":30},"end":{"line":92,"column":4}},"26":{"start":{"line":94,"column":2},"end":{"line":94,"column":27}},"27":{"start":{"line":95,"column":2},"end":{"line":95,"column":113}},"28":{"start":{"line":102,"column":18},"end":{"line":102,"column":39}},"29":{"start":{"line":103,"column":2},"end":{"line":105,"column":3}},"30":{"start":{"line":104,"column":3},"end":{"line":104,"column":48}},"31":{"start":{"line":106,"column":2},"end":{"line":106,"column":17}},"32":{"start":{"line":113,"column":15},"end":{"line":113,"column":33}},"33":{"start":{"line":114,"column":2},"end":{"line":117,"column":3}},"34":{"start":{"line":115,"column":3},"end":{"line":115,"column":45}},"35":{"start":{"line":116,"column":3},"end":{"line":116,"column":16}},"36":{"start":{"line":119,"column":2},"end":{"line":119,"column":22}},"37":{"start":{"line":120,"column":2},"end":{"line":120,"column":42}},"38":{"start":{"line":121,"column":2},"end":{"line":121,"column":14}},"39":{"start":{"line":128,"column":15},"end":{"line":128,"column":33}},"40":{"start":{"line":129,"column":2},"end":{"line":132,"column":3}},"41":{"start":{"line":130,"column":3},"end":{"line":130,"column":45}},"42":{"start":{"line":131,"column":3},"end":{"line":131,"column":16}},"43":{"start":{"line":134,"column":2},"end":{"line":134,"column":23}},"44":{"start":{"line":135,"column":2},"end":{"line":135,"column":43}},"45":{"start":{"line":136,"column":2},"end":{"line":136,"column":14}},"46":{"start":{"line":143,"column":15},"end":{"line":143,"column":33}},"47":{"start":{"line":144,"column":2},"end":{"line":147,"column":3}},"48":{"start":{"line":145,"column":3},"end":{"line":145,"column":45}},"49":{"start":{"line":146,"column":3},"end":{"line":146,"column":16}},"50":{"start":{"line":149,"column":2},"end":{"line":149,"column":41}},"51":{"start":{"line":152,"column":14},"end":{"line":152,"column":24}},"52":{"start":{"line":153,"column":2},"end":{"line":157,"column":3}},"53":{"start":{"line":154,"column":3},"end":{"line":154,"column":77}},"54":{"start":{"line":156,"column":3},"end":{"line":156,"column":68}},"55":{"start":{"line":159,"column":2},"end":{"line":159,"column":128}},"56":{"start":{"line":160,"column":2},"end":{"line":160,"column":14}},"57":{"start":{"line":167,"column":15},"end":{"line":167,"column":33}},"58":{"start":{"line":168,"column":2},"end":{"line":170,"column":3}},"59":{"start":{"line":169,"column":3},"end":{"line":169,"column":44}},"60":{"start":{"line":172,"column":2},"end":{"line":172,"column":54}},"61":{"start":{"line":173,"column":2},"end":{"line":173,"column":31}},"62":{"start":{"line":180,"column":2},"end":{"line":180,"column":36}},"63":{"start":{"line":187,"column":2},"end":{"line":187,"column":41}},"64":{"start":{"line":194,"column":2},"end":{"line":194,"column":36}},"65":{"start":{"line":201,"column":14},"end":{"line":201,"column":24}},"66":{"start":{"line":202,"column":36},"end":{"line":202,"column":38}},"67":{"start":{"line":205,"column":2},"end":{"line":209,"column":3}},"68":{"start":{"line":206,"column":3},"end":{"line":208,"column":4}},"69":{"start":{"line":207,"column":4},"end":{"line":207,"column":24}},"70":{"start":{"line":211,"column":2},"end":{"line":213,"column":3}},"71":{"start":{"line":212,"column":3},"end":{"line":212,"column":10}},"72":{"start":{"line":215,"column":2},"end":{"line":215,"column":58}},"73":{"start":{"line":218,"column":2},"end":{"line":220,"column":3}},"74":{"start":{"line":219,"column":3},"end":{"line":219,"column":32}},"75":{"start":{"line":227,"column":20},"end":{"line":227,"column":30}},"76":{"start":{"line":229,"column":2},"end":{"line":244,"column":3}},"77":{"start":{"line":230,"column":3},"end":{"line":230,"column":50}},"78":{"start":{"line":231,"column":3},"end":{"line":231,"column":25}},"79":{"start":{"line":233,"column":20},"end":{"line":233,"column":42}},"80":{"start":{"line":234,"column":3},"end":{"line":234,"column":66}},"81":{"start":{"line":236,"column":3},"end":{"line":236,"column":55}},"82":{"start":{"line":239,"column":15},"end":{"line":239,"column":25}},"83":{"start":{"line":240,"column":3},"end":{"line":240,"column":22}},"84":{"start":{"line":241,"column":3},"end":{"line":241,"column":73}},"85":{"start":{"line":243,"column":3},"end":{"line":243,"column":80}},"86":{"start":{"line":251,"column":16},"end":{"line":251,"column":31}},"87":{"start":{"line":252,"column":2},"end":{"line":252,"column":21}},"88":{"start":{"line":253,"column":2},"end":{"line":253,"column":45}},"89":{"start":{"line":19,"column":0},"end":{"line":19,"column":13}}},"fnMap":{"0":{"name":"(anonymous_0)","decl":{"start":{"line":26,"column":1},"end":{"line":26,"column":13}},"loc":{"start":{"line":26,"column":34},"end":{"line":29,"column":2}}},"1":{"name":"(anonymous_1)","decl":{"start":{"line":34,"column":1},"end":{"line":34,"column":6}},"loc":{"start":{"line":34,"column":6},"end":{"line":51,"column":2}}},"2":{"name":"(anonymous_2)","decl":{"start":{"line":46,"column":41},"end":{"line":46,"column":44}},"loc":{"start":{"line":46,"column":46},"end":{"line":48,"column":3}}},"3":{"name":"(anonymous_3)","decl":{"start":{"line":56,"column":1},"end":{"line":56,"column":5}},"loc":{"start":{"line":56,"column":5},"end":{"line":68,"column":2}}},"4":{"name":"(anonymous_4)","decl":{"start":{"line":73,"column":1},"end":{"line":73,"column":13}},"loc":{"start":{"line":76,"column":25},"end":{"line":96,"column":2}}},"5":{"name":"(anonymous_5)","decl":{"start":{"line":101,"column":1},"end":{"line":101,"column":15}},"loc":{"start":{"line":101,"column":26},"end":{"line":107,"column":2}}},"6":{"name":"(anonymous_6)","decl":{"start":{"line":112,"column":1},"end":{"line":112,"column":11}},"loc":{"start":{"line":112,"column":22},"end":{"line":122,"column":2}}},"7":{"name":"(anonymous_7)","decl":{"start":{"line":127,"column":1},"end":{"line":127,"column":12}},"loc":{"start":{"line":127,"column":23},"end":{"line":137,"column":2}}},"8":{"name":"(anonymous_8)","decl":{"start":{"line":142,"column":1},"end":{"line":142,"column":19}},"loc":{"start":{"line":142,"column":55},"end":{"line":161,"column":2}}},"9":{"name":"(anonymous_9)","decl":{"start":{"line":166,"column":1},"end":{"line":166,"column":6}},"loc":{"start":{"line":166,"column":28},"end":{"line":174,"column":2}}},"10":{"name":"(anonymous_10)","decl":{"start":{"line":179,"column":1},"end":{"line":179,"column":14}},"loc":{"start":{"line":179,"column":25},"end":{"line":181,"column":2}}},"11":{"name":"(anonymous_11)","decl":{"start":{"line":186,"column":1},"end":{"line":186,"column":12}},"loc":{"start":{"line":186,"column":12},"end":{"line":188,"column":2}}},"12":{"name":"(anonymous_12)","decl":{"start":{"line":193,"column":1},"end":{"line":193,"column":10}},"loc":{"start":{"line":193,"column":10},"end":{"line":195,"column":2}}},"13":{"name":"(anonymous_13)","decl":{"start":{"line":200,"column":9},"end":{"line":200,"column":14}},"loc":{"start":{"line":200,"column":19},"end":{"line":221,"column":2}}},"14":{"name":"(anonymous_14)","decl":{"start":{"line":226,"column":9},"end":{"line":226,"column":14}},"loc":{"start":{"line":226,"column":46},"end":{"line":245,"column":2}}},"15":{"name":"(anonymous_15)","decl":{"start":{"line":250,"column":1},"end":{"line":250,"column":14}},"loc":{"start":{"line":250,"column":14},"end":{"line":254,"column":2}}}},"branchMap":{"0":{"loc":{"start":{"line":35,"column":2},"end":{"line":38,"column":3}},"type":"if","locations":[{"start":{"line":35,"column":2},"end":{"line":38,"column":3}},{"start":{},"end":{}}]},"1":{"loc":{"start":{"line":57,"column":2},"end":{"line":60,"column":3}},"type":"if","locations":[{"start":{"line":57,"column":2},"end":{"line":60,"column":3}},{"start":{},"end":{}}]},"2":{"loc":{"start":{"line":78,"column":2},"end":{"line":80,"column":3}},"type":"if","locations":[{"start":{"line":78,"column":2},"end":{"line":80,"column":3}},{"start":{},"end":{}}]},"3":{"loc":{"start":{"line":103,"column":2},"end":{"line":105,"column":3}},"type":"if","locations":[{"start":{"line":103,"column":2},"end":{"line":105,"column":3}},{"start":{},"end":{}}]},"4":{"loc":{"start":{"line":114,"column":2},"end":{"line":117,"column":3}},"type":"if","locations":[{"start":{"line":114,"column":2},"end":{"line":117,"column":3}},{"start":{},"end":{}}]},"5":{"loc":{"start":{"line":129,"column":2},"end":{"line":132,"column":3}},"type":"if","locations":[{"start":{"line":129,"column":2},"end":{"line":132,"column":3}},{"start":{},"end":{}}]},"6":{"loc":{"start":{"line":144,"column":2},"end":{"line":147,"column":3}},"type":"if","locations":[{"start":{"line":144,"column":2},"end":{"line":147,"column":3}},{"start":{},"end":{}}]},"7":{"loc":{"start":{"line":153,"column":2},"end":{"line":157,"column":3}},"type":"if","locations":[{"start":{"line":153,"column":2},"end":{"line":157,"column":3}},{"start":{"line":155,"column":9},"end":{"line":157,"column":3}}]},"8":{"loc":{"start":{"line":168,"column":2},"end":{"line":170,"column":3}},"type":"if","locations":[{"start":{"line":168,"column":2},"end":{"line":170,"column":3}},{"start":{},"end":{}}]},"9":{"loc":{"start":{"line":180,"column":9},"end":{"line":180,"column":35}},"type":"binary-expr","locations":[{"start":{"line":180,"column":9},"end":{"line":180,"column":27}},{"start":{"line":180,"column":31},"end":{"line":180,"column":35}}]},"10":{"loc":{"start":{"line":206,"column":3},"end":{"line":208,"column":4}},"type":"if","locations":[{"start":{"line":206,"column":3},"end":{"line":208,"column":4}},{"start":{},"end":{}}]},"11":{"loc":{"start":{"line":206,"column":7},"end":{"line":206,"column":42}},"type":"binary-expr","locations":[{"start":{"line":206,"column":7},"end":{"line":206,"column":19}},{"start":{"line":206,"column":23},"end":{"line":206,"column":42}}]},"12":{"loc":{"start":{"line":211,"column":2},"end":{"line":213,"column":3}},"type":"if","locations":[{"start":{"line":211,"column":2},"end":{"line":213,"column":3}},{"start":{},"end":{}}]}},"s":{"0":0,"1":0,"2":0,"3":0,"4":0,"5":0,"6":0,"7":0,"8":0,"9":0,"10":0,"11":0,"12":0,"13":0,"14":0,"15":0,"16":0,"17":0,"18":0,"19":0,"20":0,"21":0,"22":0,"23":0,"24":0,"25":0,"26":0,"27":0,"28":0,"29":0,"30":0,"31":0,"32":0,"33":0,"34":0,"35":0,"36":0,"37":0,"38":0,"39":0,"40":0,"41":0,"42":0,"43":0,"44":0,"45":0,"46":0,"47":0,"48":0,"49":0,"50":0,"51":0,"52":0,"53":0,"54":0,"55":0,"56":0,"57":0,"58":0,"59":0,"60":0,"61":0,"62":0,"63":0,"64":0,"65":0,"66":0,"67":0,"68":0,"69":0,"70":0,"71":0,"72":0,"73":0,"74":0,"75":0,"76":0,"77":0,"78":0,"79":0,"80":0,"81":0,"82":0,"83":0,"84":0,"85":0,"86":0,"87":0,"88":0,"89":0},"f":{"0":0,"1":0,"2":0,"3":0,"4":0,"5":0,"6":0,"7":0,"8":0,"9":0,"10":0,"11":0,"12":0,"13":0,"14":0,"15":0},"b":{"0":[0,0],"1":[0,0],"2":[0,0],"3":[0,0],"4":[0,0],"5":[0,0],"6":[0,0],"7":[0,0],"8":[0,0],"9":[0,0],"10":[0,0],"11":[0,0],"12":[0,0]}}
,"D:\\obsidian-plugin\\wechat-account-assemble\\src\\services\\api\\WeChatApiClient.ts": {"path":"D:\\obsidian-plugin\\wechat-account-assemble\\src\\services\\api\\WeChatApiClient.ts","statementMap":{"0":{"start":{"line":1,"column":0},"end":{"line":1,"column":75}},"1":{"start":{"line":2,"column":0},"end":{"line":2,"column":44}},"2":{"start":{"line":3,"column":0},"end":{"line":3,"column":null}},"3":{"start":{"line":21,"column":27},"end":{"line":21,"column":32}},"4":{"start":{"line":24,"column":2},"end":{"line":24,"column":29}},"5":{"start":{"line":31,"column":2},"end":{"line":44,"column":3}},"6":{"start":{"line":32,"column":3},"end":{"line":32,"column":40}},"7":{"start":{"line":34,"column":20},"end":{"line":37,"column":5}},"8":{"start":{"line":39,"column":3},"end":{"line":39,"column":52}},"9":{"start":{"line":40,"column":3},"end":{"line":40,"column":19}},"10":{"start":{"line":42,"column":3},"end":{"line":42,"column":54}},"11":{"start":{"line":43,"column":3},"end":{"line":43,"column":33}},"12":{"start":{"line":52,"column":2},"end":{"line":70,"column":3}},"13":{"start":{"line":53,"column":3},"end":{"line":53,"column":57}},"14":{"start":{"line":55,"column":20},"end":{"line":58,"column":13}},"15":{"start":{"line":60,"column":3},"end":{"line":64,"column":4}},"16":{"start":{"line":61,"column":4},"end":{"line":61,"column":56}},"17":{"start":{"line":63,"column":4},"end":{"line":63,"column":53}},"18":{"start":{"line":66,"column":3},"end":{"line":66,"column":19}},"19":{"start":{"line":68,"column":3},"end":{"line":68,"column":54}},"20":{"start":{"line":69,"column":3},"end":{"line":69,"column":33}},"21":{"start":{"line":77,"column":2},"end":{"line":94,"column":3}},"22":{"start":{"line":78,"column":3},"end":{"line":78,"column":54}},"23":{"start":{"line":80,"column":20},"end":{"line":87,"column":5}},"24":{"start":{"line":89,"column":3},"end":{"line":89,"column":86}},"25":{"start":{"line":90,"column":3},"end":{"line":90,"column":19}},"26":{"start":{"line":92,"column":3},"end":{"line":92,"column":49}},"27":{"start":{"line":93,"column":3},"end":{"line":93,"column":33}},"28":{"start":{"line":105,"column":2},"end":{"line":123,"column":3}},"29":{"start":{"line":106,"column":3},"end":{"line":106,"column":54}},"30":{"start":{"line":108,"column":20},"end":{"line":117,"column":5}},"31":{"start":{"line":119,"column":3},"end":{"line":119,"column":19}},"32":{"start":{"line":121,"column":3},"end":{"line":121,"column":59}},"33":{"start":{"line":122,"column":3},"end":{"line":122,"column":44}},"34":{"start":{"line":135,"column":2},"end":{"line":153,"column":3}},"35":{"start":{"line":136,"column":3},"end":{"line":136,"column":67}},"36":{"start":{"line":138,"column":20},"end":{"line":146,"column":43}},"37":{"start":{"line":148,"column":3},"end":{"line":148,"column":82}},"38":{"start":{"line":149,"column":3},"end":{"line":149,"column":19}},"39":{"start":{"line":151,"column":3},"end":{"line":151,"column":62}},"40":{"start":{"line":152,"column":3},"end":{"line":152,"column":44}},"41":{"start":{"line":165,"column":2},"end":{"line":168,"column":3}},"42":{"start":{"line":166,"column":24},"end":{"line":166,"column":51}},"43":{"start":{"line":167,"column":3},"end":{"line":167,"column":59}},"44":{"start":{"line":171,"column":2},"end":{"line":173,"column":3}},"45":{"start":{"line":172,"column":3},"end":{"line":172,"column":23}},"46":{"start":{"line":175,"column":2},"end":{"line":186,"column":3}},"47":{"start":{"line":176,"column":40},"end":{"line":176,"column":64}},"48":{"start":{"line":178,"column":3},"end":{"line":182,"column":4}},"49":{"start":{"line":179,"column":4},"end":{"line":179,"column":30}},"50":{"start":{"line":181,"column":4},"end":{"line":181,"column":65}},"51":{"start":{"line":185,"column":3},"end":{"line":185,"column":15}},"52":{"start":{"line":193,"column":23},"end":{"line":193,"column":56}},"53":{"start":{"line":196,"column":2},"end":{"line":202,"column":3}},"54":{"start":{"line":197,"column":3},"end":{"line":201,"column":5}},"55":{"start":{"line":204,"column":2},"end":{"line":210,"column":3}},"56":{"start":{"line":205,"column":3},"end":{"line":209,"column":5}},"57":{"start":{"line":212,"column":2},"end":{"line":218,"column":3}},"58":{"start":{"line":213,"column":3},"end":{"line":217,"column":5}},"59":{"start":{"line":221,"column":2},"end":{"line":225,"column":4}},"60":{"start":{"line":232,"column":2},"end":{"line":232,"column":21}},"61":{"start":{"line":233,"column":2},"end":{"line":233,"column":44}},"62":{"start":{"line":240,"column":2},"end":{"line":240,"column":22}},"63":{"start":{"line":19,"column":0},"end":{"line":19,"column":13}}},"fnMap":{"0":{"name":"(anonymous_0)","decl":{"start":{"line":23,"column":1},"end":{"line":23,"column":13}},"loc":{"start":{"line":23,"column":32},"end":{"line":25,"column":2}}},"1":{"name":"(anonymous_1)","decl":{"start":{"line":30,"column":1},"end":{"line":30,"column":6}},"loc":{"start":{"line":30,"column":21},"end":{"line":45,"column":2}}},"2":{"name":"(anonymous_2)","decl":{"start":{"line":51,"column":1},"end":{"line":51,"column":6}},"loc":{"start":{"line":51,"column":34},"end":{"line":71,"column":2}}},"3":{"name":"(anonymous_3)","decl":{"start":{"line":76,"column":1},"end":{"line":76,"column":6}},"loc":{"start":{"line":76,"column":32},"end":{"line":95,"column":2}}},"4":{"name":"(anonymous_4)","decl":{"start":{"line":100,"column":1},"end":{"line":100,"column":6}},"loc":{"start":{"line":103,"column":15},"end":{"line":124,"column":2}}},"5":{"name":"(anonymous_5)","decl":{"start":{"line":129,"column":1},"end":{"line":129,"column":6}},"loc":{"start":{"line":133,"column":18},"end":{"line":154,"column":2}}},"6":{"name":"(anonymous_6)","decl":{"start":{"line":159,"column":9},"end":{"line":159,"column":14}},"loc":{"start":{"line":162,"column":33},"end":{"line":187,"column":2}}},"7":{"name":"(anonymous_7)","decl":{"start":{"line":192,"column":9},"end":{"line":192,"column":20}},"loc":{"start":{"line":192,"column":51},"end":{"line":226,"column":2}}},"8":{"name":"(anonymous_8)","decl":{"start":{"line":231,"column":1},"end":{"line":231,"column":15}},"loc":{"start":{"line":231,"column":27},"end":{"line":234,"column":2}}},"9":{"name":"(anonymous_9)","decl":{"start":{"line":239,"column":1},"end":{"line":239,"column":15}},"loc":{"start":{"line":239,"column":15},"end":{"line":241,"column":2}}}},"branchMap":{"0":{"loc":{"start":{"line":60,"column":3},"end":{"line":64,"column":4}},"type":"if","locations":[{"start":{"line":60,"column":3},"end":{"line":64,"column":4}},{"start":{"line":62,"column":10},"end":{"line":64,"column":4}}]},"1":{"loc":{"start":{"line":60,"column":7},"end":{"line":60,"column":37}},"type":"binary-expr","locations":[{"start":{"line":60,"column":7},"end":{"line":60,"column":21}},{"start":{"line":60,"column":25},"end":{"line":60,"column":37}}]},"2":{"loc":{"start":{"line":89,"column":37},"end":{"line":89,"column":84}},"type":"cond-expr","locations":[{"start":{"line":89,"column":59},"end":{"line":89,"column":75}},{"start":{"line":89,"column":78},"end":{"line":89,"column":84}}]},"3":{"loc":{"start":{"line":133,"column":2},"end":{"line":133,"column":18}},"type":"default-arg","locations":[{"start":{"line":133,"column":17},"end":{"line":133,"column":18}}]},"4":{"loc":{"start":{"line":165,"column":2},"end":{"line":168,"column":3}},"type":"if","locations":[{"start":{"line":165,"column":2},"end":{"line":168,"column":3}},{"start":{},"end":{}}]},"5":{"loc":{"start":{"line":171,"column":2},"end":{"line":173,"column":3}},"type":"if","locations":[{"start":{"line":171,"column":2},"end":{"line":173,"column":3}},{"start":{},"end":{}}]},"6":{"loc":{"start":{"line":178,"column":3},"end":{"line":182,"column":4}},"type":"if","locations":[{"start":{"line":178,"column":3},"end":{"line":182,"column":4}},{"start":{"line":180,"column":10},"end":{"line":182,"column":4}}]},"7":{"loc":{"start":{"line":178,"column":7},"end":{"line":178,"column":54}},"type":"binary-expr","locations":[{"start":{"line":178,"column":7},"end":{"line":178,"column":29}},{"start":{"line":178,"column":33},"end":{"line":178,"column":54}}]},"8":{"loc":{"start":{"line":193,"column":23},"end":{"line":193,"column":56}},"type":"binary-expr","locations":[{"start":{"line":193,"column":23},"end":{"line":193,"column":36}},{"start":{"line":193,"column":40},"end":{"line":193,"column":56}}]},"9":{"loc":{"start":{"line":196,"column":2},"end":{"line":202,"column":3}},"type":"if","locations":[{"start":{"line":196,"column":2},"end":{"line":202,"column":3}},{"start":{},"end":{}}]},"10":{"loc":{"start":{"line":204,"column":2},"end":{"line":210,"column":3}},"type":"if","locations":[{"start":{"line":204,"column":2},"end":{"line":210,"column":3}},{"start":{},"end":{}}]},"11":{"loc":{"start":{"line":212,"column":2},"end":{"line":218,"column":3}},"type":"if","locations":[{"start":{"line":212,"column":2},"end":{"line":218,"column":3}},{"start":{},"end":{}}]}},"s":{"0":2,"1":2,"2":2,"3":51,"4":51,"5":0,"6":0,"7":0,"8":0,"9":0,"10":0,"11":0,"12":0,"13":0,"14":0,"15":0,"16":0,"17":0,"18":0,"19":0,"20":0,"21":0,"22":0,"23":0,"24":0,"25":0,"26":0,"27":0,"28":0,"29":0,"30":0,"31":0,"32":0,"33":0,"34":0,"35":0,"36":0,"37":0,"38":0,"39":0,"40":0,"41":0,"42":0,"43":0,"44":0,"45":0,"46":0,"47":0,"48":0,"49":0,"50":0,"51":0,"52":0,"53":0,"54":0,"55":0,"56":0,"57":0,"58":0,"59":0,"60":0,"61":0,"62":0,"63":2},"f":{"0":51,"1":0,"2":0,"3":0,"4":0,"5":0,"6":0,"7":0,"8":0,"9":0},"b":{"0":[0,0],"1":[0,0],"2":[0,0],"3":[0],"4":[0,0],"5":[0,0],"6":[0,0],"7":[0,0],"8":[0,0],"9":[0,0],"10":[0,0],"11":[0,0]}}
,"D:\\obsidian-plugin\\wechat-account-assemble\\src\\services\\api\\types.ts": {"path":"D:\\obsidian-plugin\\wechat-account-assemble\\src\\services\\api\\types.ts","statementMap":{"0":{"start":{"line":57,"column":0},"end":{"line":57,"column":null}},"1":{"start":{"line":58,"column":1},"end":{"line":58,"column":null}},"2":{"start":{"line":59,"column":1},"end":{"line":59,"column":null}},"3":{"start":{"line":60,"column":1},"end":{"line":60,"column":null}},"4":{"start":{"line":61,"column":1},"end":{"line":61,"column":null}}},"fnMap":{"0":{"name":"(anonymous_0)","decl":{"start":{"line":57,"column":0},"end":{"line":57,"column":12}},"loc":{"start":{"line":57,"column":24},"end":{"line":62,"column":1}}}},"branchMap":{"0":{"loc":{"start":{"line":57,"column":12},"end":{"line":57,"column":null}},"type":"binary-expr","locations":[{"start":{"line":57,"column":12},"end":{"line":57,"column":24}},{"start":{"line":57,"column":24},"end":{"line":57,"column":null}}]}},"s":{"0":2,"1":2,"2":2,"3":2,"4":2},"f":{"0":2},"b":{"0":[2,2]}}
[...]
rt":{"line":256,"column":5},"end":{"line":258,"column":6}},"102":{"start":{"line":257,"column":6},"end":{"line":257,"column":56}},"103":{"start":{"line":265,"column":18},"end":{"line":265,"column":94}},"104":{"start":{"line":266,"column":2},"end":{"line":266,"column":23}},"105":{"start":{"line":266,"column":16},"end":{"line":266,"column":23}},"106":{"start":{"line":268,"column":2},"end":{"line":284,"column":3}},"107":{"start":{"line":269,"column":3},"end":{"line":269,"column":27}},"108":{"start":{"line":270,"column":3},"end":{"line":270,"column":40}},"109":{"start":{"line":272,"column":18},"end":{"line":272,"column":57}},"110":{"start":{"line":274,"column":3},"end":{"line":276,"column":5}},"111":{"start":{"line":278,"column":3},"end":{"line":278,"column":24}},"112":{"start":{"line":280,"column":3},"end":{"line":280,"column":47}},"113":{"start":{"line":282,"column":3},"end":{"line":282,"column":28}},"114":{"start":{"line":283,"column":3},"end":{"line":283,"column":34}},"115":{"start":{"line":288,"column":2},"end":{"line":288,"column":27}},"116":{"start":{"line":289,"column":2},"end":{"line":289,"column":30}},"117":{"start":{"line":292,"column":19},"end":{"line":292,"column":72}},"118":{"start":{"line":293,"column":2},"end":{"line":296,"column":3}},"119":{"start":{"line":294,"column":3},"end":{"line":294,"column":20}},"120":{"start":{"line":295,"column":3},"end":{"line":295,"column":71}},"121":{"start":{"line":300,"column":18},"end":{"line":300,"column":66}},"122":{"start":{"line":302,"column":2},"end":{"line":302,"column":38}},"123":{"start":{"line":302,"column":20},"end":{"line":302,"column":38}},"124":{"start":{"line":303,"column":2},"end":{"line":303,"column":64}},"125":{"start":{"line":303,"column":22},"end":{"line":303,"column":64}},"126":{"start":{"line":304,"column":2},"end":{"line":304,"column":67}},"127":{"start":{"line":304,"column":23},"end":{"line":304,"column":67}},"128":{"start":{"line":305,"column":2},"end":{"line":305,"column":69}},"129":{"start":{"line":305,"column":24},"end":{"line":305,"column":69}},"130":{"start":{"line":307,"column":2},"end":{"line":307,"column":35}},"131":{"start":{"line":9,"column":0},"end":{"line":9,"column":13}}},"fnMap":{"0":{"name":"(anonymous_0)","decl":{"start":{"line":15,"column":1},"end":{"line":15,"column":13}},"loc":{"start":{"line":15,"column":55},"end":{"line":18,"column":2}}},"1":{"name":"(anonymous_1)","decl":{"start":{"line":20,"column":1},"end":{"line":20,"column":12}},"loc":{"start":{"line":20,"column":12},"end":{"line":22,"column":2}}},"2":{"name":"(anonymous_2)","decl":{"start":{"line":24,"column":1},"end":{"line":24,"column":15}},"loc":{"start":{"line":24,"column":15},"end":{"line":26,"column":2}}},"3":{"name":"(anonymous_3)","decl":{"start":{"line":28,"column":1},"end":{"line":28,"column":8}},"loc":{"start":{"line":28,"column":8},"end":{"line":30,"column":2}}},"4":{"name":"(anonymous_4)","decl":{"start":{"line":32,"column":1},"end":{"line":32,"column":6}},"loc":{"start":{"line":32,"column":13},"end":{"line":58,"column":2}}},"5":{"name":"(anonymous_5)","decl":{"start":{"line":60,"column":9},"end":{"line":60,"column":21}},"loc":{"start":{"line":60,"column":44},"end":{"line":96,"column":2}}},"6":{"name":"(anonymous_6)","decl":{"start":{"line":73,"column":42},"end":{"line":73,"column":45}},"loc":{"start":{"line":73,"column":47},"end":{"line":76,"column":3}}},"7":{"name":"(anonymous_7)","decl":{"start":{"line":83,"column":39},"end":{"line":83,"column":42}},"loc":{"start":{"line":83,"column":44},"end":{"line":86,"column":3}}},"8":{"name":"(anonymous_8)","decl":{"start":{"line":93,"column":36},"end":{"line":93,"column":41}},"loc":{"start":{"line":93,"column":47},"end":{"line":95,"column":3}}},"9":{"name":"(anonymous_9)","decl":{"start":{"line":98,"column":9},"end":{"line":98,"column":14}},"loc":{"start":{"line":98,"column":49},"end":{"line":127,"column":2}}},"10":{"name":"(anonymous_10)","decl":{"start":{"line":129,"column":9},"end":{"line":129,"column":14}},"loc":{"start":{"line":129,"column":26},"end":{"line":180,"column":2}}},"11":{"name":"(anonymous_11)","decl":{"start":{"line":174,"column":38},"end":{"line":174,"column":41}},"loc":{"start":{"line":174,"column":43},"end":{"line":178,"column":4}}},"12":{"name":"(anonymous_12)","decl":{"start":{"line":182,"column":9},"end":{"line":182,"column":14}},"loc":{"start":{"line":182,"column":29},"end":{"line":262,"column":2}}},"13":{"name":"(anonymous_13)","decl":{"start":{"line":231,"column":39},"end":{"line":231,"column":44}},"loc":{"start":{"line":231,"column":51},"end":{"line":239,"column":5}}},"14":{"name":"(anonymous_14)","decl":{"start":{"line":242,"column":41},"end":{"line":242,"column":46}},"loc":{"start":{"line":242,"column":52},"end":{"line":260,"column":4}}},"15":{"name":"(anonymous_15)","decl":{"start":{"line":264,"column":9},"end":{"line":264,"column":14}},"loc":{"start":{"line":264,"column":25},"end":{"line":285,"column":2}}},"16":{"name":"(anonymous_16)","decl":{"start":{"line":287,"column":1},"end":{"line":287,"column":6}},"loc":{"start":{"line":287,"column":14},"end":{"line":297,"column":2}}},"17":{"name":"(anonymous_17)","decl":{"start":{"line":299,"column":9},"end":{"line":299,"column":19}},"loc":{"start":{"line":299,"column":30},"end":{"line":308,"column":2}}},"18":{"name":"(anonymous_18)","decl":{"start":{"line":310,"column":1},"end":{"line":310,"column":6}},"loc":{"start":{"line":310,"column":14},"end":{"line":312,"column":2}}}},"branchMap":{"0":{"loc":{"start":{"line":113,"column":2},"end":{"line":118,"column":3}},"type":"if","locations":[{"start":{"line":113,"column":2},"end":{"line":118,"column":3}},{"start":{},"end":{}}]},"1":{"loc":{"start":{"line":120,"column":2},"end":{"line":126,"column":3}},"type":"if","locations":[{"start":{"line":120,"column":2},"end":{"line":126,"column":3}},{"start":{},"end":{}}]},"2":{"loc":{"start":{"line":134,"column":2},"end":{"line":140,"column":3}},"type":"if","locations":[{"start":{"line":134,"column":2},"end":{"line":140,"column":3}},{"start":{},"end":{}}]},"3":{"loc":{"start":{"line":147,"column":3},"end":{"line":149,"column":4}},"type":"if","locations":[{"start":{"line":147,"column":3},"end":{"line":149,"column":4}},{"start":{},"end":{}}]},"4":{"loc":{"start":{"line":166,"column":3},"end":{"line":172,"column":4}},"type":"if","locations":[{"start":{"line":166,"column":3},"end":{"line":172,"column":4}},{"start":{},"end":{}}]},"5":{"loc":{"start":{"line":186,"column":2},"end":{"line":191,"column":3}},"type":"if","locations":[{"start":{"line":186,"column":2},"end":{"line":191,"column":3}},{"start":{"line":188,"column":9},"end":{"line":191,"column":3}}]},"6":{"loc":{"start":{"line":193,"column":2},"end":{"line":199,"column":3}},"type":"if","locations":[{"start":{"line":193,"column":2},"end":{"line":199,"column":3}},{"start":{},"end":{}}]},"7":{"loc":{"start":{"line":206,"column":3},"end":{"line":208,"column":4}},"type":"if","locations":[{"start":{"line":206,"column":3},"end":{"line":208,"column":4}},{"start":{},"end":{}}]},"8":{"loc":{"start":{"line":225,"column":3},"end":{"line":240,"column":4}},"type":"if","locations":[{"start":{"line":225,"column":3},"end":{"line":240,"column":4}},{"start":{},"end":{}}]},"9":{"loc":{"start":{"line":225,"column":7},"end":{"line":225,"column":39}},"type":"binary-expr","locations":[{"start":{"line":225,"column":7},"end":{"line":225,"column":21}},{"start":{"line":225,"column":25},"end":{"line":225,"column":39}}]},"10":{"loc":{"start":{"line":234,"column":5},"end":{"line":238,"column":6}},"type":"if","locations":[{"start":{"line":234,"column":5},"end":{"line":238,"column":6}},{"start":{"line":236,"column":12},"end":{"line":238,"column":6}}]},"11":{"loc":{"start":{"line":244,"column":4},"end":{"line":259,"column":5}},"type":"if","locations":[{"start":{"line":244,"column":4},"end":{"line":259,"column":5}},{"start":{"line":254,"column":11},"end":{"line":259,"column":5}}]},"12":{"loc":{"start":{"line":246,"column":5},"end":{"line":253,"column":6}},"type":"if","locations":[{"start":{"line":246,"column":5},"end":{"line":253,"column":6}},{"start":{},"end":{}}]},"13":{"loc":{"start":{"line":248,"column":6},"end":{"line":252,"column":7}},"type":"if","locations":[{"start":{"line":248,"column":6},"end":{"line":252,"column":7}},{"start":{},"end":{}}]},"14":{"loc":{"start":{"line":254,"column":11},"end":{"line":259,"column":5}},"type":"if","locations":[{"start":{"line":254,"column":11},"end":{"line":259,"column":5}},{"start":{},"end":{}}]},"15":{"loc":{"start":{"line":256,"column":5},"end":{"line":258,"column":6}},"type":"if","locations":[{"start":{"line":256,"column":5},"end":{"line":258,"column":6}},{"start":{},"end":{}}]},"16":{"loc":{"start":{"line":266,"column":2},"end":{"line":266,"column":23}},"type":"if","locations":[{"start":{"line":266,"column":2},"end":{"line":266,"column":23}},{"start":{},"end":{}}]},"17":{"loc":{"start":{"line":293,"column":2},"end":{"line":296,"column":3}},"type":"if","locations":[{"start":{"line":293,"column":2},"end":{"line":296,"column":3}},{"start":{},"end":{}}]},"18":{"loc":{"start":{"line":302,"column":2},"end":{"line":302,"column":38}},"type":"if","locations":[{"start":{"line":302,"column":2},"end":{"line":302,"column":38}},{"start":{},"end":{}}]},"19":{"loc":{"start":{"line":303,"column":2},"end":{"line":303,"column":64}},"type":"if","locations":[{"start":{"line":303,"column":2},"end":{"line":303,"column":64}},{"start":{},"end":{}}]},"20":{"loc":{"start":{"line":304,"column":2},"end":{"line":304,"column":67}},"type":"if","locations":[{"start":{"line":304,"column":2},"end":{"line":304,"column":67}},{"start":{},"end":{}}]},"21":{"loc":{"start":{"line":305,"column":2},"end":{"line":305,"column":69}},"type":"if","locations":[{"start":{"line":305,"column":2},"end":{"line":305,"column":69}},{"start":{},"end":{}}]}},"s":{"0":0,"1":0,"2":0,"3":0,"4":0,"5":0,"6":0,"7":0,"8":0,"9":0,"10":0,"11":0,"12":0,"13":0,"14":0,"15":0,"16":0,"17":0,"18":0,"19":0,"20":0,"21":0,"22":0,"23":0,"24":0,"25":0,"26":0,"27":0,"28":0,"29":0,"30":0,"31":0,"32":0,"33":0,"34":0,"35":0,"36":0,"37":0,"38":0,"39":0,"40":0,"41":0,"42":0,"43":0,"44":0,"45":0,"46":0,"47":0,"48":0,"49":0,"50":0,"51":0,"52":0,"53":0,"54":0,"55":0,"56":0,"57":0,"58":0,"59":0,"60":0,"61":0,"62":0,"63":0,"64":0,"65":0,"66":0,"67":0,"68":0,"69":0,"70":0,"71":0,"72":0,"73":0,"74":0,"75":0,"76":0,"77":0,"78":0,"79":0,"80":0,"81":0,"82":0,"83":0,"84":0,"85":0,"86":0,"87":0,"88":0,"89":0,"90":0,"91":0,"92":0,"93":0,"94":0,"95":0,"96":0,"97":0,"98":0,"99":0,"100":0,"101":0,"102":0,"103":0,"104":0,"105":0,"106":0,"107":0,"108":0,"109":0,"110":0,"111":0,"112":0,"113":0,"114":0,"115":0,"116":0,"117":0,"118":0,"119":0,"120":0,"121":0,"122":0,"123":0,"124":0,"125":0,"126":0,"127":0,"128":0,"129":0,"130":0,"131":0},"f":{"0":0,"1":0,"2":0,"3":0,"4":0,"5":0,"6":0,"7":0,"8":0,"9":0,"10":0,"11":0,"12":0,"13":0,"14":0,"15":0,"16":0,"17":0,"18":0},"b":{"0":[0,0],"1":[0,0],"2":[0,0],"3":[0,0],"4":[0,0],"5":[0,0],"6":[0,0],"7":[0,0],"8":[0,0],"9":[0,0],"10":[0,0],"11":[0,0],"12":[0,0],"13":[0,0],"14":[0,0],"15":[0,0],"16":[0,0],"17":[0,0],"18":[0,0],"19":[0,0],"20":[0,0],"21":[0,0]}}
,"D:\\obsidian-plugin\\wechat-account-assemble\\src\\utils\\constants.ts": {"path":"D:\\obsidian-plugin\\wechat-account-assemble\\src\\utils\\constants.ts","statementMap":{"0":{"start":{"line":6,"column":13},"end":{"line":6,"column":28}},"1":{"start":{"line":7,"column":13},"end":{"line":7,"column":37}},"2":{"start":{"line":10,"column":13},"end":{"line":10,"column":50}},"3":{"start":{"line":11,"column":13},"end":{"line":11,"column":62}},"4":{"start":{"line":12,"column":13},"end":{"line":12,"column":56}},"5":{"start":{"line":15,"column":13},"end":{"line":15,"column":37}},"6":{"start":{"line":16,"column":13},"end":{"line":16,"column":39}},"7":{"start":{"line":19,"column":13},"end":{"line":19,"column":54}},"8":{"start":{"line":22,"column":13},"end":{"line":22,"column":61}},"9":{"start":{"line":25,"column":13},"end":{"line":25,"column":50}}},"fnMap":{},"branchMap":{},"s":{"0":4,"1":4,"2":4,"3":4,"4":4,"5":4,"6":4,"7":4,"8":4,"9":4},"f":{},"b":{}}
,"D:\\obsidian-plugin\\wechat-account-assemble\\src\\utils\\helpers.ts": {"path":"D:\\obsidian-plugin\\wechat-account-assemble\\src\\utils\\helpers.ts","statementMap":{"0":{"start":{"line":8,"column":0},"end":{"line":8,"column":16}},"1":{"start":{"line":16,"column":0},"end":{"line":16,"column":16}},"2":{"start":{"line":25,"column":0},"end":{"line":25,"column":16}},"3":{"start":{"line":32,"column":0},"end":{"line":32,"column":16}},"4":{"start":{"line":39,"column":0},"end":{"line":39,"column":16}},"5":{"start":{"line":49,"column":0},"end":{"line":49,"column":16}},"6":{"start":{"line":59,"column":0},"end":{"line":59,"column":16}},"7":{"start":{"line":9,"column":1},"end":{"line":9,"column":56}},"8":{"start":{"line":9,"column":31},"end":{"line":9,"column":54}},"9":{"start":{"line":19,"column":1},"end":{"line":19,"column":46}},"10":{"start":{"line":26,"column":1},"end":{"line":26,"column":31}},"11":{"start":{"line":33,"column":1},"end":{"line":33,"column":45}},"12":{"start":{"line":40,"column":1},"end":{"line":43,"column":10}},"13":{"start":{"line":52,"column":15},"end":{"line":52,"column":41}},"14":{"start":{"line":53,"column":1},"end":{"line":53,"column":32}},"15":{"start":{"line":60,"column":1},"end":{"line":60,"column":41}},"16":{"start":{"line":60,"column":28},"end":{"line":60,"column":41}},"17":{"start":{"line":62,"column":1},"end":{"line":70,"column":4}},"18":{"start":{"line":63,"column":2},"end":{"line":69,"column":3}},"19":{"start":{"line":64,"column":17},"end":{"line":64,"column":41}},"20":{"start":{"line":65,"column":3},"end":{"line":65,"column":26}},"21":{"start":{"line":67,"column":3},"end":{"line":67,"column":55}},"22":{"start":{"line":68,"column":3},"end":{"line":68,"column":16}}},"fnMap":{"0":{"name":"sleep","decl":{"start":{"line":8,"column":16},"end":{"line":8,"column":21}},"loc":{"start":{"line":8,"column":32},"end":{"line":10,"column":1}}},"1":{"name":"(anonymous_1)","decl":{"start":{"line":9,"column":20},"end":{"line":9,"column":27}},"loc":{"start":{"line":9,"column":31},"end":{"line":9,"column":54}}},"2":{"name":"getNextCronTime","decl":{"start":{"line":16,"column":16},"end":{"line":16,"column":31}},"loc":{"start":{"line":16,"column":54},"end":{"line":20,"column":1}}},"3":{"name":"isPast","decl":{"start":{"line":25,"column":16},"end":{"line":25,"column":22}},"loc":{"start":{"line":25,"column":40},"end":{"line":27,"column":1}}},"4":{"name":"formatTimestamp","decl":{"start":{"line":32,"column":16},"end":{"line":32,"column":31}},"loc":{"start":{"line":32,"column":49},"end":{"line":34,"column":1}}},"5":{"name":"sanitizeFilename","decl":{"start":{"line":39,"column":16},"end":{"line":39,"column":32}},"loc":{"start":{"line":39,"column":49},"end":{"line":44,"column":1}}},"6":{"name":"extractFeedIdFromUrl","decl":{"start":{"line":49,"column":16},"end":{"line":49,"column":36}},"loc":{"start":{"line":49,"column":48},"end":{"line":54,"column":1}}},"7":{"name":"matchesPatterns","decl":{"start":{"line":59,"column":16},"end":{"line":59,"column":31}},"loc":{"start":{"line":59,"column":63},"end":{"line":71,"column":1}}},"8":{"name":"(anonymous_8)","decl":{"start":{"line":62,"column":22},"end":{"line":62,"column":29}},"loc":{"start":{"line":62,"column":32},"end":{"line":70,"column":2}}}},"branchMap":{"0":{"loc":{"start":{"line":53,"column":8},"end":{"line":53,"column":31}},"type":"cond-expr","locations":[{"start":{"line":53,"column":16},"end":{"line":53,"column":24}},{"start":{"line":53,"column":27},"end":{"line":53,"column":31}}]},"1":{"loc":{"start":{"line":60,"column":1},"end":{"line":60,"column":41}},"type":"if","locations":[{"start":{"line":60,"column":1},"end":{"line":60,"column":41}},{"start":{},"end":{}}]}},"s":{"0":2,"1":2,"2":2,"3":2,"4":2,"5":2,"6":2,"7":3,"8":3,"9":5,"10":6,"11":14,"12":41,"13":7,"14":7,"15":13,"16":1,"17":12,"18":14,"19":14,"20":13,"21":1,"22":1},"f":{"0":3,"1":3,"2":5,"3":6,"4":14,"5":41,"6":7,"7":13,"8":14},"b":{"0":[4,3],"1":[1,12]}}
,"D:\\obsidian-plugin\\wechat-account-assemble\\src\\utils\\logger.ts": {"path":"D:\\obsidian-plugin\\wechat-account-assemble\\src\\utils\\logger.ts","statementMap":{"0":{"start":{"line":5,"column":0},"end":{"line":5,"column":null}},"1":{"start":{"line":6,"column":1},"end":{"line":6,"column":null}},"2":{"start":{"line":7,"column":1},"end":{"line":7,"column":null}},"3":{"start":{"line":8,"column":1},"end":{"line":8,"column":null}},"4":{"start":{"line":9,"column":1},"end":{"line":9,"column":null}},"5":{"start":{"line":13,"column":27},"end":{"line":13,"column":40}},"6":{"start":{"line":17,"column":2},"end":{"line":17,"column":23}},"7":{"start":{"line":21,"column":2},"end":{"line":21,"column":21}},"8":{"start":{"line":25,"column":2},"end":{"line":27,"column":3}},"9":{"start":{"line":26,"column":3},"end":{"line":26,"column":46}},"10":{"start":{"line":31,"column":2},"end":{"line":33,"column":3}},"11":{"start":{"line":32,"column":3},"end":{"line":32,"column":44}},"12":{"start":{"line":37,"column":2},"end":{"line":39,"column":3}},"13":{"start":{"line":38,"column":3},"end":{"line":38,"column":45}},"14":{"start":{"line":43,"column":2},"end":{"line":45,"column":3}},"15":{"start":{"line":44,"column":3},"end":{"line":44,"column":46}},"16":{"start":{"line":12,"column":0},"end":{"line":12,"column":13}},"17":{"start":{"line":49,"column":13},"end":{"line":49,"column":35}}},"fnMap":{"0":{"name":"(anonymous_0)","decl":{"start":{"line":5,"column":0},"end":{"line":5,"column":12}},"loc":{"start":{"line":5,"column":20},"end":{"line":10,"column":1}}},"1":{"name":"(anonymous_1)","decl":{"start":{"line":16,"column":1},"end":{"line":16,"column":13}},"loc":{"start":{"line":16,"column":40},"end":{"line":18,"column":2}}},"2":{"name":"(anonymous_2)","decl":{"start":{"line":20,"column":1},"end":{"line":20,"column":9}},"loc":{"start":{"line":20,"column":25},"end":{"line":22,"column":2}}},"3":{"name":"(anonymous_3)","decl":{"start":{"line":24,"column":1},"end":{"line":24,"column":6}},"loc":{"start":{"line":24,"column":21},"end":{"line":28,"column":2}}},"4":{"name":"(anonymous_4)","decl":{"start":{"line":30,"column":1},"end":{"line":30,"column":5}},"loc":{"start":{"line":30,"column":20},"end":{"line":34,"column":2}}},"5":{"name":"(anonymous_5)","decl":{"start":{"line":36,"column":1},"end":{"line":36,"column":5}},"loc":{"start":{"line":36,"column":20},"end":{"line":40,"column":2}}},"6":{"name":"(anonymous_6)","decl":{"start":{"line":42,"column":1},"end":{"line":42,"column":6}},"loc":{"start":{"line":42,"column":21},"end":{"line":46,"column":2}}}},"branchMap":{"0":{"loc":{"start":{"line":5,"column":12},"end":{"line":5,"column":null}},"type":"binary-expr","locations":[{"start":{"line":5,"column":12},"end":{"line":5,"column":20}},{"start":{"line":5,"column":20},"end":{"line":5,"column":null}}]},"1":{"loc":{"start":{"line":16,"column":13},"end":{"line":16,"column":40}},"type":"default-arg","locations":[{"start":{"line":16,"column":30},"end":{"line":16,"column":40}}]},"2":{"loc":{"start":{"line":25,"column":2},"end":{"line":27,"column":3}},"type":"if","locations":[{"start":{"line":25,"column":2},"end":{"line":27,"column":3}},{"start":{},"end":{}}]},"3":{"loc":{"start":{"line":31,"column":2},"end":{"line":33,"column":3}},"type":"if","locations":[{"start":{"line":31,"column":2},"end":{"line":33,"column":3}},{"start":{},"end":{}}]},"4":{"loc":{"start":{"line":37,"column":2},"end":{"line":39,"column":3}},"type":"if","locations":[{"start":{"line":37,"column":2},"end":{"line":39,"column":3}},{"start":{},"end":{}}]},"5":{"loc":{"start":{"line":43,"column":2},"end":{"line":45,"column":3}},"type":"if","locations":[{"start":{"line":43,"column":2},"end":{"line":45,"column":3}},{"start":{},"end":{}}]}},"s":{"0":7,"1":7,"2":7,"3":7,"4":7,"5":42,"6":42,"7":29,"8":17,"9":3,"10":126,"11":120,"12":16,"13":14,"14":28,"15":28,"16":7,"17":7},"f":{"0":7,"1":42,"2":29,"3":17,"4":126,"5":16,"6":28},"b":{"0":[7,7],"1":[8],"2":[3,14],"3":[120,6],"4":[14,2],"5":[28,0]}}
}
