TN:
SF:src\lib\html-parser.ts
FN:9,parseHtml
FN:17,htmlToText
FN:25,extractText
FN:34,removeElements
FN:37,(anonymous_4)
FN:44,queryAll
FN:52,getAttribute
FNF:7
FNH:7
FNDA:103,parseHtml
FNDA:11,htmlToText
FNDA:5,extractText
FNDA:5,removeElements
FNDA:4,(anonymous_4)
FNDA:10,queryAll
FNDA:7,getAttribute
DA:9,2
DA:10,103
DA:11,103
DA:17,2
DA:18,11
DA:19,11
DA:25,2
DA:26,5
DA:27,5
DA:28,5
DA:34,2
DA:35,5
DA:36,5
DA:37,5
DA:38,5
DA:44,2
DA:45,10
DA:46,10
DA:52,2
DA:53,7
LF:20
LH:20
BRDA:19,0,0,11
BRDA:19,0,1,1
BRDA:28,1,0,5
BRDA:28,1,1,2
BRF:4
BRH:4
end_of_record
TN:
SF:src\lib\sql-js-wrapper.ts
FN:15,(anonymous_0)
FN:29,(anonymous_1)
FN:46,(anonymous_2)
FN:58,(anonymous_3)
FN:70,(anonymous_4)
FN:78,(anonymous_5)
FNF:6
FNH:0
FNDA:0,(anonymous_0)
FNDA:0,(anonymous_1)
FNDA:0,(anonymous_2)
FNDA:0,(anonymous_3)
FNDA:0,(anonymous_4)
FNDA:0,(anonymous_5)
DA:1,3
DA:2,3
DA:7,3
DA:8,3
DA:9,3
DA:16,0
DA:17,0
DA:18,0
DA:21,0
DA:22,0
DA:26,0
DA:31,0
DA:35,0
DA:36,0
DA:38,0
DA:39,0
DA:47,0
DA:48,0
DA:51,0
DA:52,0
DA:59,0
DA:60,0
DA:63,0
DA:64,0
DA:71,0
DA:72,0
DA:79,0
DA:84,3
LF:28
LH:6
BRDA:16,0,0,0
BRDA:16,0,1,0
BRDA:47,1,0,0
BRDA:47,1,1,0
BRDA:59,2,0,0
BRDA:59,2,1,0
BRF:6
BRH:0
end_of_record
TN:
SF:src\services\AccountService.ts
FN:17,(anonymous_0)
FN:25,(anonymous_1)
FN:47,(anonymous_2)
FN:74,(anonymous_3)
FN:111,(anonymous_4)
FN:151,(anonymous_5)
FN:159,(anonymous_6)
FN:167,(anonymous_7)
FN:175,(anonymous_8)
FN:183,(anonymous_9)
FN:190,(anonymous_10)
FN:197,(anonymous_11)
FN:216,(anonymous_12)
FNF:13
FNH:13
FNDA:22,(anonymous_0)
FNDA:2,(anonymous_1)
FNDA:3,(anonymous_2)
FNDA:4,(anonymous_3)
FNDA:4,(anonymous_4)
FNDA:1,(anonymous_5)
FNDA:1,(anonymous_6)
FNDA:1,(anonymous_7)
FNDA:1,(anonymous_8)
FNDA:1,(anonymous_9)
FNDA:2,(anonymous_10)
FNDA:1,(anonymous_11)
FNDA:1,(anonymous_12)
DA:2,1
DA:3,1
DA:4,1
DA:5,1
DA:6,1
DA:13,1
DA:18,22
DA:19,22
DA:26,2
DA:27,2
DA:30,2
DA:32,1
DA:33,1
DA:38,1
DA:39,1
DA:48,3
DA:49,3
DA:51,2
DA:53,1
DA:58,1
DA:59,1
DA:63,1
DA:65,1
DA:66,1
DA:76,4
DA:78,4
DA:79,1
DA:80,1
DA:84,3
DA:85,4
DA:86,2
DA:91,3
DA:95,3
DA:96,1
DA:97,1
DA:102,2
DA:103,2
DA:105,2
DA:112,4
DA:114,4
DA:115,1
DA:116,1
DA:119,3
DA:122,1
DA:123,1
DA:127,1
DA:131,1
DA:132,1
DA:136,1
DA:140,1
DA:141,1
DA:144,0
DA:152,1
DA:153,1
DA:160,1
DA:161,1
DA:168,1
DA:169,1
DA:176,1
DA:177,1
DA:184,1
DA:191,2
DA:204,1
DA:217,1
DA:218,1
LF:65
LH:64
BRDA:51,0,0,1
BRDA:51,0,1,1
BRDA:51,1,0,2
BRDA:51,1,1,1
BRDA:51,1,2,1
BRDA:78,2,0,1
BRDA:78,2,1,3
BRDA:85,3,0,2
BRDA:85,3,1,2
BRDA:95,4,0,1
BRDA:95,4,1,2
BRDA:114,5,0,1
BRDA:114,5,1,3
BRDA:119,6,0,1
BRDA:119,6,1,1
BRDA:119,6,2,1
BRDA:119,6,3,0
BRF:17
BRH:16
end_of_record
TN:
SF:src\services\FeedService.ts
FN:17,(anonymous_0)
FN:25,(anonymous_1)
FN:62,(anonymous_2)
FN:76,(anonymous_3)
FN:108,(anonymous_4)
FN:151,(anonymous_5)
FN:180,(anonymous_6)
FN:214,(anonymous_7)
FN:246,(anonymous_8)
FN:275,(anonymous_9)
FN:283,(anonymous_10)
FN:296,(anonymous_11)
FN:303,(anonymous_12)
FN:310,(anonymous_13)
FN:317,(anonymous_14)
FN:325,(anonymous_15)
FN:326,(anonymous_16)
FNF:17
FNH:17
FNDA:29,(anonymous_0)
FNDA:5,(anonymous_1)
FNDA:1,(anonymous_2)
FNDA:7,(anonymous_3)
FNDA:15,(anonymous_4)
FNDA:11,(anonymous_5)
FNDA:25,(anonymous_6)
FNDA:3,(anonymous_7)
FNDA:3,(anonymous_8)
FNDA:1,(anonymous_9)
FNDA:1,(anonymous_10)
FNDA:1,(anonymous_11)
FNDA:2,(anonymous_12)
FNDA:1,(anonymous_13)
FNDA:1,(anonymous_14)
FNDA:4,(anonymous_15)
FNDA:4,(anonymous_16)
DA:3,1
DA:5,1
DA:13,1
DA:18,29
DA:19,29
DA:26,5
DA:27,5
DA:30,5
DA:32,4
DA:33,1
DA:36,3
DA:39,3
DA:40,3
DA:41,1
DA:42,1
DA:46,2
DA:47,2
DA:48,1
DA:52,1
DA:59,1
DA:62,1
DA:63,1
DA:66,1
DA:68,3
DA:69,3
DA:77,7
DA:78,7
DA:80,7
DA:81,7
DA:82,2
DA:85,5
DA:86,5
DA:87,1
DA:90,4
DA:91,4
DA:93,4
DA:94,6
DA:95,6
DA:102,5
DA:103,2
DA:104,2
DA:108,15
DA:117,3
DA:121,3
DA:122,3
DA:125,3
DA:126,2
DA:129,3
DA:131,1
DA:132,1
DA:133,1
DA:138,4
DA:140,4
DA:141,4
DA:143,3
DA:144,3
DA:152,11
DA:153,11
DA:154,11
DA:155,1
DA:158,10
DA:160,10
DA:161,10
DA:162,1
DA:166,9
DA:173,6
DA:174,1
DA:175,1
DA:176,1
DA:180,25
DA:189,5
DA:194,5
DA:196,5
DA:197,5
DA:199,5
DA:202,5
DA:203,5
DA:204,3
DA:207,5
DA:215,3
DA:216,3
DA:222,3
DA:224,3
DA:225,4
DA:226,4
DA:227,3
DA:230,3
DA:231,2
DA:234,1
DA:235,1
DA:239,3
DA:240,3
DA:247,3
DA:248,3
DA:250,3
DA:252,3
DA:254,3
DA:255,2
DA:256,2
DA:257,1
DA:260,1
DA:261,0
DA:264,1
DA:268,3
DA:269,3
DA:276,1
DA:277,1
DA:285,1
DA:288,1
DA:290,1
DA:297,1
DA:304,2
DA:311,1
DA:318,1
DA:319,1
DA:326,4
LF:116
LH:115
BRDA:32,0,0,1
BRDA:32,0,1,3
BRDA:32,1,0,4
BRDA:32,1,1,4
BRDA:40,2,0,1
BRDA:40,2,1,2
BRDA:47,3,0,1
BRDA:47,3,1,1
BRDA:55,4,0,1
BRDA:55,4,1,0
BRDA:76,5,0,3
BRDA:81,6,0,2
BRDA:81,6,1,5
BRDA:86,7,0,1
BRDA:86,7,1,4
BRDA:102,8,0,2
BRDA:102,8,1,3
BRDA:125,9,0,2
BRDA:125,9,1,1
BRDA:154,10,0,1
BRDA:154,10,1,10
BRDA:161,11,0,1
BRDA:161,11,1,9
BRDA:173,12,0,1
BRDA:173,12,1,5
BRDA:203,13,0,3
BRDA:203,13,1,2
BRDA:230,14,0,2
BRDA:230,14,1,1
BRDA:246,15,0,0
BRDA:260,16,0,0
BRDA:260,16,1,1
BRF:32
BRH:29
end_of_record
TN:
SF:src\services\NoteCreator.ts
FN:21,(anonymous_0)
FN:30,(anonymous_1)
FN:73,(anonymous_2)
FN:111,(anonymous_3)
FN:127,(anonymous_4)
FN:140,(anonymous_5)
FN:151,(anonymous_6)
FN:164,(anonymous_7)
FN:184,(anonymous_8)
FN:202,(anonymous_9)
FN:217,(anonymous_10)
FN:235,(anonymous_11)
FN:253,(anonymous_12)
FN:261,(anonymous_13)
FNF:14
FNH:14
FNDA:47,(anonymous_0)
FNDA:13,(anonymous_1)
FNDA:5,(anonymous_2)
FNDA:16,(anonymous_3)
FNDA:13,(anonymous_4)
FNDA:20,(anonymous_5)
FNDA:14,(anonymous_6)
FNDA:13,(anonymous_7)
FNDA:7,(anonymous_8)
FNDA:3,(anonymous_9)
FNDA:4,(anonymous_10)
FNDA:4,(anonymous_11)
FNDA:6,(anonymous_12)
FNDA:3,(anonymous_13)
DA:1,1
DA:4,1
DA:5,1
DA:16,1
DA:22,47
DA:23,47
DA:24,47
DA:31,13
DA:32,13
DA:35,13
DA:38,13
DA:39,11
DA:40,2
DA:41,2
DA:45,9
DA:54,9
DA:57,9
DA:60,9
DA:61,9
DA:63,9
DA:65,2
DA:66,2
DA:77,5
DA:78,5
DA:79,5
DA:81,5
DA:82,6
DA:83,6
DA:84,1
DA:85,1
DA:86,1
DA:89,5
DA:90,5
DA:92,4
DA:93,4
DA:94,1
DA:96,3
DA:98,3
DA:101,1
DA:105,5
DA:113,16
DA:116,16
DA:119,16
DA:121,16
DA:133,13
DA:140,20
DA:143,13
DA:145,13
DA:153,14
DA:158,14
DA:165,13
DA:167,13
DA:168,1
DA:171,12
DA:173,12
DA:174,10
DA:175,10
DA:176,2
DA:177,1
DA:187,7
DA:189,7
DA:190,5
DA:191,5
DA:192,3
DA:196,4
DA:203,3
DA:204,3
DA:208,3
DA:210,0
DA:218,4
DA:219,4
DA:220,4
DA:221,2
DA:222,1
DA:223,1
DA:225,2
DA:227,1
DA:228,1
DA:236,4
DA:237,4
DA:238,4
DA:239,2
DA:240,1
DA:241,1
DA:243,2
DA:245,1
DA:246,1
DA:254,6
DA:255,6
DA:262,3
LF:90
LH:89
BRDA:39,0,0,2
BRDA:39,0,1,9
BRDA:50,1,0,8
BRDA:50,1,1,1
BRDA:83,2,0,1
BRDA:83,2,1,5
BRDA:90,3,0,4
BRDA:90,3,1,1
BRDA:93,4,0,1
BRDA:93,4,1,3
BRDA:136,5,0,13
BRDA:136,5,1,13
BRDA:167,6,0,1
BRDA:167,6,1,12
BRDA:173,7,0,10
BRDA:173,7,1,2
BRDA:176,8,0,1
BRDA:176,8,1,1
BRDA:191,9,0,3
BRDA:191,9,1,2
BRDA:220,10,0,2
BRDA:220,10,1,2
BRDA:238,11,0,2
BRDA:238,11,1,2
BRDA:255,12,0,2
BRDA:255,12,1,4
BRF:26
BRH:26
end_of_record
TN:
SF:src\services\SyncService.ts
FN:32,(anonymous_0)
FN:40,(anonymous_1)
FN:91,(anonymous_2)
FN:110,(anonymous_3)
FN:111,(anonymous_4)
FN:143,(anonymous_5)
FN:160,(anonymous_6)
FN:179,(anonymous_7)
FN:189,(anonymous_8)
FN:199,(anonymous_9)
FN:219,(anonymous_10)
FN:226,(anonymous_11)
FN:233,(anonymous_12)
FN:258,(anonymous_13)
FNF:14
FNH:0
FNDA:0,(anonymous_0)
FNDA:0,(anonymous_1)
FNDA:0,(anonymous_2)
FNDA:0,(anonymous_3)
FNDA:0,(anonymous_4)
FNDA:0,(anonymous_5)
FNDA:0,(anonymous_6)
FNDA:0,(anonymous_7)
FNDA:0,(anonymous_8)
FNDA:0,(anonymous_9)
FNDA:0,(anonymous_10)
FNDA:0,(anonymous_11)
FNDA:0,(anonymous_12)
FNDA:0,(anonymous_13)
DA:2,0
DA:26,0
DA:29,0
DA:30,0
DA:33,0
DA:34,0
DA:41,0
DA:42,0
DA:43,0
DA:46,0
DA:47,0
DA:57,0
DA:58,0
DA:61,0
DA:62,0
DA:63,0
DA:64,0
DA:65,0
DA:68,0
DA:69,0
DA:70,0
DA:71,0
DA:72,0
DA:75,0
DA:76,0
DA:78,0
DA:80,0
DA:81,0
DA:82,0
DA:84,0
DA:97,0
DA:98,0
DA:107,0
DA:109,0
DA:110,0
DA:111,0
DA:112,0
DA:114,0
DA:117,0
DA:120,0
DA:123,0
DA:124,0
DA:125,0
DA:126,0
DA:127,0
DA:128,0
DA:130,0
DA:131,0
DA:132,0
DA:133,0
DA:137,0
DA:149,0
DA:151,0
DA:152,0
DA:153,0
DA:156,0
DA:159,0
DA:160,0
DA:161,0
DA:162,0
DA:163,0
DA:164,0
DA:169,0
DA:171,0
DA:173,0
DA:180,0
DA:190,0
DA:204,0
DA:205,0
DA:208,0
DA:209,0
DA:210,0
DA:212,0
DA:220,0
DA:227,0
DA:241,0
DA:242,0
DA:243,0
DA:245,0
DA:259,0
DA:260,0
DA:261,0
DA:262,0
DA:264,0
DA:265,0
LF:85
LH:0
BRDA:40,0,0,0
BRDA:41,1,0,0
BRDA:41,1,1,0
BRDA:68,2,0,0
BRDA:68,2,1,0
BRDA:107,3,0,0
BRDA:107,3,1,0
BRDA:107,4,0,0
BRDA:107,4,1,0
BRDA:112,5,0,0
BRDA:112,5,1,0
BRDA:151,6,0,0
BRDA:151,6,1,0
BRDA:163,7,0,0
BRDA:163,7,1,0
BRDA:189,8,0,0
BRDA:204,9,0,0
BRDA:204,9,1,0
BRDA:258,10,0,0
BRF:19
BRH:0
end_of_record
TN:
SF:src\services\TaskScheduler.ts
FN:26,(anonymous_0)
FN:34,(anonymous_1)
FN:46,(anonymous_2)
FN:56,(anonymous_3)
FN:73,(anonymous_4)
FN:101,(anonymous_5)
FN:112,(anonymous_6)
FN:127,(anonymous_7)
FN:142,(anonymous_8)
FN:166,(anonymous_9)
FN:179,(anonymous_10)
FN:186,(anonymous_11)
FN:193,(anonymous_12)
FN:200,(anonymous_13)
FN:226,(anonymous_14)
FN:250,(anonymous_15)
FNF:16
FNH:0
FNDA:0,(anonymous_0)
FNDA:0,(anonymous_1)
FNDA:0,(anonymous_2)
FNDA:0,(anonymous_3)
FNDA:0,(anonymous_4)
FNDA:0,(anonymous_5)
FNDA:0,(anonymous_6)
FNDA:0,(anonymous_7)
FNDA:0,(anonymous_8)
FNDA:0,(anonymous_9)
FNDA:0,(anonymous_10)
FNDA:0,(anonymous_11)
FNDA:0,(anonymous_12)
FNDA:0,(anonymous_13)
FNDA:0,(anonymous_14)
FNDA:0,(anonymous_15)
DA:2,0
DA:19,0
DA:22,0
DA:23,0
DA:24,0
DA:27,0
DA:28,0
DA:35,0
DA:36,0
DA:37,0
DA:40,0
DA:43,0
DA:46,0
DA:47,0
DA:50,0
DA:57,0
DA:58,0
DA:59,0
DA:62,0
DA:64,0
DA:65,0
DA:67,0
DA:78,0
DA:79,0
DA:82,0
DA:83,0
DA:85,0
DA:94,0
DA:95,0
DA:102,0
DA:103,0
DA:104,0
DA:106,0
DA:113,0
DA:114,0
DA:115,0
DA:116,0
DA:119,0
DA:120,0
DA:121,0
DA:128,0
DA:129,0
DA:130,0
DA:131,0
DA:134,0
DA:135,0
DA:136,0
DA:143,0
DA:144,0
DA:145,0
DA:146,0
DA:149,0
DA:152,0
DA:153,0
DA:154,0
DA:156,0
DA:159,0
DA:160,0
DA:167,0
DA:168,0
DA:169,0
DA:172,0
DA:173,0
DA:180,0
DA:187,0
DA:194,0
DA:201,0
DA:202,0
DA:205,0
DA:206,0
DA:207,0
DA:211,0
DA:212,0
DA:215,0
DA:218,0
DA:219,0
DA:227,0
DA:229,0
DA:230,0
DA:231,0
DA:233,0
DA:234,0
DA:236,0
DA:239,0
DA:240,0
DA:241,0
DA:243,0
DA:251,0
DA:252,0
DA:253,0
LF:90
LH:0
BRDA:35,0,0,0
BRDA:35,0,1,0
BRDA:57,1,0,0
BRDA:57,1,1,0
BRDA:78,2,0,0
BRDA:78,2,1,0
BRDA:103,3,0,0
BRDA:103,3,1,0
BRDA:114,4,0,0
BRDA:114,4,1,0
BRDA:129,5,0,0
BRDA:129,5,1,0
BRDA:144,6,0,0
BRDA:144,6,1,0
BRDA:153,7,0,0
BRDA:153,7,1,0
BRDA:168,8,0,0
BRDA:168,8,1,0
BRDA:180,9,0,0
BRDA:180,9,1,0
BRDA:206,10,0,0
BRDA:206,10,1,0
BRDA:206,11,0,0
BRDA:206,11,1,0
BRDA:211,12,0,0
BRDA:211,12,1,0
BRF:26
BRH:0
end_of_record
TN:
SF:src\services\api\WeChatApiClient.ts
FN:23,(anonymous_0)
FN:30,(anonymous_1)
FN:51,(anonymous_2)
FN:76,(anonymous_3)
FN:100,(anonymous_4)
FN:129,(anonymous_5)
FN:159,(anonymous_6)
FN:192,(anonymous_7)
FN:231,(anonymous_8)
FN:239,(anonymous_9)
FNF:10
FNH:1
FNDA:51,(anonymous_0)
FNDA:0,(anonymous_1)
FNDA:0,(anonymous_2)
FNDA:0,(anonymous_3)
FNDA:0,(anonymous_4)
FNDA:0,(anonymous_5)
FNDA:0,(anonymous_6)
FNDA:0,(anonymous_7)
FNDA:0,(anonymous_8)
FNDA:0,(anonymous_9)
DA:1,2
DA:2,2
DA:3,2
DA:19,2
DA:21,51
DA:24,51
DA:31,0
DA:32,0
DA:34,0
DA:39,0
DA:40,0
DA:42,0
DA:43,0
DA:52,0
DA:53,0
DA:55,0
DA:60,0
DA:61,0
DA:63,0
DA:66,0
DA:68,0
DA:69,0
DA:77,0
DA:78,0
DA:80,0
DA:89,0
DA:90,0
DA:92,0
DA:93,0
DA:105,0
DA:106,0
DA:108,0
DA:119,0
DA:121,0
DA:122,0
DA:135,0
DA:136,0
DA:138,0
DA:148,0
DA:149,0
DA:151,0
DA:152,0
DA:165,0
DA:166,0
DA:167,0
DA:171,0
DA:172,0
DA:175,0
DA:176,0
DA:178,0
DA:179,0
DA:181,0
DA:185,0
DA:193,0
DA:196,0
DA:197,0
DA:204,0
DA:205,0
DA:212,0
DA:213,0
DA:221,0
DA:232,0
DA:233,0
DA:240,0
LF:64
LH:6
BRDA:60,0,0,0
BRDA:60,0,1,0
BRDA:60,1,0,0
BRDA:60,1,1,0
BRDA:89,2,0,0
BRDA:89,2,1,0
BRDA:133,3,0,0
BRDA:165,4,0,0
BRDA:165,4,1,0
BRDA:171,5,0,0
BRDA:171,5,1,0
BRDA:178,6,0,0
BRDA:178,6,1,0
BRDA:178,7,0,0
BRDA:178,7,1,0
BRDA:193,8,0,0
BRDA:193,8,1,0
BRDA:196,9,0,0
BRDA:196,9,1,0
BRDA:204,10,0,0
BRDA:204,10,1,0
BRDA:212,11,0,0
BRDA:212,11,1,0
BRF:23
BRH:0
end_of_record
TN:
SF:src\services\api\types.ts
FN:57,(anonymous_0)
FNF:1
FNH:1
FNDA:2,(anonymous_0)
DA:57,2
DA:58,2
DA:59,2
DA:60,2
DA:61,2
LF:5
LH:5
BRDA:57,0,0,2
BRDA:57,0,1,2
BRF:2
BRH:2
end_of_record
TN:
SF:src\services\database\DatabaseService.ts
FN:26,(anonymous_0)
FN:39,(anonymous_1)
FN:85,(anonymous_2)
FN:125,(anonymous_3)
FN:195,(anonymous_4)
FN:224,(anonymous_5)
FN:231,(anonymous_6)
FN:241,(anonymous_7)
FN:261,(anonymous_8)
FN:276,(anonymous_9)
FN:278,(anonymous_10)
FN:292,(anonymous_11)
FN:300,(anonymous_12)
FN:316,(anonymous_13)
FN:328,(anonymous_14)
FN:335,(anonymous_15)
FN:342,(anonymous_16)
FNF:17
FNH:9
FNDA:119,(anonymous_0)
FNDA:0,(anonymous_1)
FNDA:0,(anonymous_2)
FNDA:0,(anonymous_3)
FNDA:0,(anonymous_4)
FNDA:0,(anonymous_5)
FNDA:0,(anonymous_6)
FNDA:0,(anonymous_7)
FNDA:139,(anonymous_8)
FNDA:133,(anonymous_9)
FNDA:871,(anonymous_10)
FNDA:85,(anonymous_11)
FNDA:56,(anonymous_12)
FNDA:10,(anonymous_13)
FNDA:3,(anonymous_14)
FNDA:3,(anonymous_15)
FNDA:0,(anonymous_16)
DA:2,3
DA:4,3
DA:5,3
DA:6,3
DA:7,3
DA:14,3
DA:16,119
DA:17,119
DA:19,119
DA:27,119
DA:28,119
DA:31,119
DA:32,119
DA:33,119
DA:40,0
DA:41,0
DA:42,0
DA:45,0
DA:46,0
DA:49,0
DA:52,0
DA:54,0
DA:55,0
DA:56,0
DA:57,0
DA:58,0
DA:60,0
DA:61,0
DA:64,0
DA:67,0
DA:68,0
DA:71,0
DA:74,0
DA:77,0
DA:78,0
DA:86,0
DA:87,0
DA:90,0
DA:93,0
DA:102,0
DA:106,0
DA:107,0
DA:108,0
DA:111,0
DA:116,0
DA:118,0
DA:126,0
DA:127,0
DA:131,0
DA:144,0
DA:159,0
DA:176,0
DA:184,0
DA:185,0
DA:186,0
DA:187,0
DA:189,0
DA:196,0
DA:197,0
DA:198,0
DA:201,0
DA:202,0
DA:203,0
DA:206,0
DA:207,0
DA:208,0
DA:212,0
DA:213,0
DA:214,0
DA:216,0
DA:217,0
DA:226,0
DA:227,0
DA:231,0
DA:232,0
DA:235,0
DA:242,0
DA:243,0
DA:244,0
DA:247,0
DA:249,0
DA:250,0
DA:251,0
DA:252,0
DA:255,0
DA:262,139
DA:263,0
DA:266,139
DA:267,139
DA:269,139
DA:270,25
DA:273,114
DA:274,114
DA:276,114
DA:277,133
DA:278,133
DA:279,871
DA:281,133
DA:284,0
DA:285,0
DA:293,85
DA:294,85
DA:301,56
DA:302,0
DA:305,56
DA:306,56
DA:308,0
DA:309,0
DA:317,10
DA:318,0
DA:321,10
DA:322,10
DA:329,3
DA:336,3
DA:343,0
LF:115
LH:36
BRDA:40,0,0,0
BRDA:40,0,1,0
BRDA:54,1,0,0
BRDA:54,1,1,0
BRDA:86,2,0,0
BRDA:86,2,1,0
BRDA:106,3,0,0
BRDA:106,3,1,0
BRDA:106,4,0,0
BRDA:106,4,1,0
BRDA:126,5,0,0
BRDA:126,5,1,0
BRDA:196,6,0,0
BRDA:196,6,1,0
BRDA:207,7,0,0
BRDA:207,7,1,0
BRDA:226,8,0,0
BRDA:226,8,1,0
BRDA:242,9,0,0
BRDA:242,9,1,0
BRDA:247,10,0,0
BRDA:247,10,1,0
BRDA:261,11,0,24
BRDA:262,12,0,0
BRDA:262,12,1,139
BRDA:262,13,0,139
BRDA:262,13,1,139
BRDA:269,14,0,25
BRDA:269,14,1,114
BRDA:292,15,0,19
BRDA:294,16,0,71
BRDA:294,16,1,14
BRDA:300,17,0,6
BRDA:301,18,0,0
BRDA:301,18,1,56
BRDA:301,19,0,56
BRDA:301,19,1,56
BRDA:317,20,0,0
BRDA:317,20,1,10
BRF:39
BRH:14
end_of_record
TN:
SF:src\services\database\repositories\AccountRepository.ts
FN:11,(anonymous_0)
FN:18,(anonymous_1)
FN:44,(anonymous_2)
FN:60,(anonymous_3)
FN:62,(anonymous_4)
FN:68,(anonymous_5)
FN:75,(anonymous_6)
FN:81,(anonymous_7)
FN:86,(anonymous_8)
FN:92,(anonymous_9)
FN:117,(anonymous_10)
FN:126,(anonymous_11)
FN:147,(anonymous_12)
FN:159,(anonymous_13)
FN:171,(anonymous_14)
FN:179,(anonymous_15)
FN:189,(anonymous_16)
FN:200,(anonymous_17)
FNF:18
FNH:18
FNDA:156,(anonymous_0)
FNDA:5,(anonymous_1)
FNDA:20,(anonymous_2)
FNDA:3,(anonymous_3)
FNDA:5,(anonymous_4)
FNDA:2,(anonymous_5)
FNDA:2,(anonymous_6)
FNDA:3,(anonymous_7)
FNDA:3,(anonymous_8)
FNDA:8,(anonymous_9)
FNDA:2,(anonymous_10)
FNDA:4,(anonymous_11)
FNDA:2,(anonymous_12)
FNDA:2,(anonymous_13)
FNDA:4,(anonymous_14)
FNDA:5,(anonymous_15)
FNDA:8,(anonymous_16)
FNDA:28,(anonymous_17)
DA:2,3
DA:3,3
DA:8,3
DA:12,156
DA:19,5
DA:21,5
DA:27,5
DA:29,5
DA:31,5
DA:45,20
DA:50,20
DA:51,2
DA:54,18
DA:61,3
DA:62,5
DA:69,2
DA:75,2
DA:82,3
DA:86,3
DA:93,8
DA:95,8
DA:96,3
DA:103,5
DA:111,8
DA:118,2
DA:119,2
DA:120,2
DA:127,4
DA:129,4
DA:130,1
DA:133,3
DA:134,2
DA:135,1
DA:136,1
DA:137,1
DA:141,2
DA:148,2
DA:149,2
DA:153,2
DA:160,2
DA:161,2
DA:165,2
DA:172,4
DA:173,4
DA:180,5
DA:183,5
DA:190,8
DA:194,8
DA:201,28
LF:49
LH:49
BRDA:50,0,0,2
BRDA:50,0,1,18
BRDA:95,1,0,3
BRDA:95,1,1,5
BRDA:117,2,0,1
BRDA:129,3,0,1
BRDA:129,3,1,3
BRDA:133,4,0,2
BRDA:133,4,1,1
BRDA:133,5,0,3
BRDA:133,5,1,2
BRDA:134,6,0,1
BRDA:134,6,1,1
BRDA:183,7,0,5
BRDA:183,7,1,1
BRDA:194,8,0,8
BRDA:194,8,1,2
BRDA:206,9,0,28
BRDA:206,9,1,19
BRF:19
BRH:19
end_of_record
TN:
SF:src\services\database\repositories\ArticleRepository.ts
FN:11,(anonymous_0)
FN:18,(anonymous_1)
FN:61,(anonymous_2)
FN:117,(anonymous_3)
FN:122,(anonymous_4)
FN:128,(anonymous_5)
FN:144,(anonymous_6)
FN:160,(anonymous_7)
FN:168,(anonymous_8)
FN:174,(anonymous_9)
FN:182,(anonymous_10)
FN:188,(anonymous_11)
FN:196,(anonymous_12)
FN:202,(anonymous_13)
FN:208,(anonymous_14)
FN:214,(anonymous_15)
FN:220,(anonymous_16)
FN:226,(anonymous_17)
FN:238,(anonymous_18)
FN:265,(anonymous_19)
FN:307,(anonymous_20)
FN:319,(anonymous_21)
FN:327,(anonymous_22)
FN:335,(anonymous_23)
FN:354,(anonymous_24)
FN:378,(anonymous_25)
FN:388,(anonymous_26)
FN:399,(anonymous_27)
FN:409,(anonymous_28)
FN:423,(anonymous_29)
FN:434,(anonymous_30)
FNF:31
FNH:31
FNDA:168,(anonymous_0)
FNDA:3,(anonymous_1)
FNDA:3,(anonymous_2)
FNDA:13,(anonymous_3)
FNDA:15,(anonymous_4)
FNDA:10,(anonymous_5)
FNDA:9,(anonymous_6)
FNDA:3,(anonymous_7)
FNDA:3,(anonymous_8)
FNDA:3,(anonymous_9)
FNDA:2,(anonymous_10)
FNDA:2,(anonymous_11)
FNDA:2,(anonymous_12)
FNDA:3,(anonymous_13)
FNDA:7,(anonymous_14)
FNDA:4,(anonymous_15)
FNDA:4,(anonymous_16)
FNDA:2,(anonymous_17)
FNDA:2,(anonymous_18)
FNDA:3,(anonymous_19)
FNDA:1,(anonymous_20)
FNDA:2,(anonymous_21)
FNDA:1,(anonymous_22)
FNDA:2,(anonymous_23)
FNDA:2,(anonymous_24)
FNDA:6,(anonymous_25)
FNDA:2,(anonymous_26)
FNDA:6,(anonymous_27)
FNDA:2,(anonymous_28)
FNDA:1,(anonymous_29)
FNDA:45,(anonymous_30)
DA:3,3
DA:8,3
DA:12,168
DA:26,3
DA:29,3
DA:30,3
DA:31,1
DA:32,1
DA:35,2
DA:41,2
DA:43,2
DA:45,2
DA:69,3
DA:70,1
DA:73,2
DA:74,2
DA:76,2
DA:78,2
DA:79,2
DA:81,4
DA:82,4
DA:83,1
DA:86,3
DA:100,3
DA:103,2
DA:104,2
DA:106,0
DA:107,0
DA:108,0
DA:111,2
DA:118,13
DA:122,15
DA:129,10
DA:134,10
DA:135,1
DA:138,9
DA:145,9
DA:150,9
DA:151,6
DA:154,3
DA:161,3
DA:165,3
DA:166,3
DA:168,3
DA:175,3
DA:179,3
DA:180,3
DA:182,3
DA:189,2
DA:193,2
DA:194,2
DA:196,2
DA:203,3
DA:208,7
DA:215,4
DA:220,4
DA:227,2
DA:232,2
DA:239,2
DA:240,1
DA:243,1
DA:245,1
DA:246,1
DA:247,2
DA:253,1
DA:254,1
DA:256,0
DA:257,0
DA:258,0
DA:266,3
DA:267,3
DA:269,3
DA:270,2
DA:271,2
DA:273,3
DA:274,1
DA:275,1
DA:277,3
DA:278,0
DA:279,0
DA:281,3
DA:282,1
DA:283,1
DA:285,3
DA:286,1
DA:287,1
DA:290,3
DA:291,1
DA:294,2
DA:296,2
DA:301,2
DA:308,1
DA:313,1
DA:320,2
DA:321,2
DA:328,1
DA:329,1
DA:336,2
DA:341,2
DA:343,2
DA:344,1
DA:345,1
DA:348,2
DA:355,2
DA:357,2
DA:362,2
DA:364,2
DA:365,1
DA:369,1
DA:372,2
DA:379,6
DA:382,6
DA:389,2
DA:393,2
DA:400,6
DA:403,6
DA:415,2
DA:416,2
DA:417,2
DA:419,2
DA:423,2
DA:428,2
DA:435,45
LF:123
LH:115
BRDA:30,0,0,1
BRDA:30,0,1,2
BRDA:69,1,0,1
BRDA:69,1,1,2
BRDA:82,2,0,1
BRDA:82,2,1,3
BRDA:134,3,0,1
BRDA:134,3,1,9
BRDA:150,4,0,6
BRDA:150,4,1,3
BRDA:161,5,0,1
BRDA:161,5,1,2
BRDA:165,6,0,1
BRDA:165,6,1,2
BRDA:175,7,0,1
BRDA:175,7,1,2
BRDA:179,8,0,1
BRDA:179,8,1,2
BRDA:189,9,0,1
BRDA:189,9,1,1
BRDA:193,10,0,1
BRDA:193,10,1,1
BRDA:202,11,0,2
BRDA:214,12,0,3
BRDA:239,13,0,1
BRDA:239,13,1,1
BRDA:269,14,0,2
BRDA:269,14,1,1
BRDA:273,15,0,1
BRDA:273,15,1,2
BRDA:277,16,0,0
BRDA:277,16,1,3
BRDA:281,17,0,1
BRDA:281,17,1,2
BRDA:285,18,0,1
BRDA:285,18,1,2
BRDA:287,19,0,1
BRDA:287,19,1,0
BRDA:290,20,0,1
BRDA:290,20,1,2
BRDA:341,21,0,2
BRDA:341,21,1,1
BRDA:343,22,0,1
BRDA:343,22,1,1
BRDA:354,23,0,0
BRDA:362,24,0,2
BRDA:362,24,1,1
BRDA:364,25,0,1
BRDA:364,25,1,1
BRDA:382,26,0,6
BRDA:382,26,1,3
BRDA:393,27,0,2
BRDA:393,27,1,0
BRDA:403,28,0,6
BRDA:403,28,1,3
BRDA:444,29,0,45
BRDA:444,29,1,39
BRF:57
BRH:53
end_of_record
TN:
SF:src\services\database\repositories\FeedRepository.ts
FN:11,(anonymous_0)
FN:18,(anonymous_1)
FN:52,(anonymous_2)
FN:68,(anonymous_3)
FN:84,(anonymous_4)
FN:86,(anonymous_5)
FN:92,(anonymous_6)
FN:97,(anonymous_7)
FN:103,(anonymous_8)
FN:113,(anonymous_9)
FN:119,(anonymous_10)
FN:131,(anonymous_11)
FN:146,(anonymous_12)
FN:158,(anonymous_13)
FN:166,(anonymous_14)
FN:174,(anonymous_15)
FN:184,(anonymous_16)
FN:195,(anonymous_17)
FN:204,(anonymous_18)
FN:213,(anonymous_19)
FNF:20
FNH:20
FNDA:152,(anonymous_0)
FNDA:4,(anonymous_1)
FNDA:7,(anonymous_2)
FNDA:7,(anonymous_3)
FNDA:3,(anonymous_4)
FNDA:5,(anonymous_5)
FNDA:2,(anonymous_6)
FNDA:2,(anonymous_7)
FNDA:4,(anonymous_8)
FNDA:4,(anonymous_9)
FNDA:2,(anonymous_10)
FNDA:2,(anonymous_11)
FNDA:1,(anonymous_12)
FNDA:2,(anonymous_13)
FNDA:2,(anonymous_14)
FNDA:2,(anonymous_15)
FNDA:3,(anonymous_16)
FNDA:3,(anonymous_17)
FNDA:3,(anonymous_18)
FNDA:23,(anonymous_19)
DA:3,3
DA:8,3
DA:12,152
DA:19,4
DA:22,4
DA:23,4
DA:24,1
DA:25,1
DA:28,3
DA:34,3
DA:36,3
DA:38,3
DA:53,7
DA:58,7
DA:59,1
DA:62,6
DA:69,7
DA:74,7
DA:75,4
DA:78,3
DA:85,3
DA:86,5
DA:93,2
DA:97,2
DA:104,4
DA:106,4
DA:113,4
DA:120,2
DA:121,2
DA:125,2
DA:132,2
DA:133,2
DA:135,2
DA:140,2
DA:147,1
DA:148,1
DA:152,1
DA:159,2
DA:160,2
DA:167,2
DA:168,2
DA:175,2
DA:178,2
DA:185,3
DA:189,3
DA:196,3
DA:204,3
DA:214,23
LF:48
LH:48
BRDA:23,0,0,1
BRDA:23,0,1,3
BRDA:58,1,0,1
BRDA:58,1,1,6
BRDA:74,2,0,4
BRDA:74,2,1,3
BRDA:103,3,0,2
BRDA:132,4,0,2
BRDA:132,4,1,1
BRDA:178,5,0,2
BRDA:178,5,1,1
BRDA:189,6,0,3
BRDA:189,6,1,1
BRDA:206,7,0,3
BRDA:206,7,1,1
BRDA:218,8,0,23
BRDA:218,8,1,0
BRDA:220,9,0,23
BRDA:220,9,1,3
BRF:19
BRH:18
end_of_record
TN:
SF:src\services\database\repositories\index.ts
FN:7,(anonymous_0)
FN:8,(anonymous_1)
FN:9,(anonymous_2)
FNF:3
FNH:3
FNDA:119,(anonymous_0)
FNDA:119,(anonymous_1)
FNDA:119,(anonymous_2)
DA:7,122
DA:8,122
DA:9,122
LF:3
LH:3
BRF:0
BRH:0
end_of_record
TN:
SF:src\services\feed\ContentParser.ts
FN:12,(anonymous_0)
FN:19,(anonymous_1)
FN:38,(anonymous_2)
FN:43,(anonymous_3)
FN:46,(anonymous_4)
FN:49,(anonymous_5)
FN:62,(anonymous_6)
FN:69,(anonymous_7)
FN:84,(anonymous_8)
FN:97,(anonymous_9)
FN:109,(anonymous_10)
FN:178,(anonymous_11)
FN:184,(anonymous_12)
FN:186,(anonymous_13)
FN:191,(anonymous_14)
FN:202,(anonymous_15)
FN:207,(anonymous_16)
FN:220,(anonymous_17)
FN:225,(anonymous_18)
FN:238,(anonymous_19)
FN:258,(anonymous_20)
FNF:21
FNH:21
FNDA:46,(anonymous_0)
FNDA:35,(anonymous_1)
FNDA:7,(anonymous_2)
FNDA:3,(anonymous_3)
FNDA:1,(anonymous_4)
FNDA:21,(anonymous_5)
FNDA:8,(anonymous_6)
FNDA:1,(anonymous_7)
FNDA:35,(anonymous_8)
FNDA:146,(anonymous_9)
FNDA:107,(anonymous_10)
FNDA:1,(anonymous_11)
FNDA:2,(anonymous_12)
FNDA:4,(anonymous_13)
FNDA:2,(anonymous_14)
FNDA:3,(anonymous_15)
FNDA:3,(anonymous_16)
FNDA:3,(anonymous_17)
FNDA:3,(anonymous_18)
FNDA:5,(anonymous_19)
FNDA:9,(anonymous_20)
DA:1,1
DA:2,1
DA:9,1
DA:13,46
DA:20,35
DA:22,35
DA:25,35
DA:27,35
DA:29,0
DA:31,0
DA:39,7
DA:40,7
DA:43,7
DA:46,7
DA:49,7
DA:50,21
DA:51,22
DA:52,22
DA:53,1
DA:54,21
DA:55,14
DA:59,7
DA:62,7
DA:63,8
DA:64,1
DA:69,7
DA:70,1
DA:73,7
DA:75,0
DA:76,0
DA:85,35
DA:86,35
DA:87,35
DA:89,0
DA:90,0
DA:98,146
DA:99,47
DA:102,99
DA:103,0
DA:106,99
DA:107,99
DA:108,99
DA:109,107
DA:112,99
DA:114,2
DA:116,2
DA:118,2
DA:120,1
DA:122,1
DA:124,1
DA:126,12
DA:128,1
DA:130,1
DA:133,2
DA:136,2
DA:138,1
DA:140,1
DA:142,1
DA:144,1
DA:146,1
DA:148,4
DA:149,4
DA:150,4
DA:151,4
DA:152,4
DA:154,2
DA:155,2
DA:156,1
DA:158,1
DA:161,2
DA:162,2
DA:163,2
DA:164,1
DA:166,1
DA:169,1
DA:171,58
DA:179,1
DA:180,1
DA:182,1
DA:184,1
DA:185,2
DA:186,4
DA:187,2
DA:190,2
DA:191,2
DA:192,1
DA:196,1
DA:203,3
DA:204,3
DA:205,3
DA:207,3
DA:212,0
DA:213,0
DA:221,3
DA:222,3
DA:223,3
DA:225,3
DA:230,0
DA:231,0
DA:239,5
DA:240,5
DA:241,5
DA:242,5
DA:244,5
DA:245,4
DA:248,1
DA:250,0
DA:251,0
DA:259,9
LF:109
LH:96
BRDA:12,0,0,0
BRDA:22,1,0,7
BRDA:22,1,1,28
BRDA:52,2,0,1
BRDA:52,2,1,21
BRDA:54,3,0,14
BRDA:54,3,1,7
BRDA:63,4,0,1
BRDA:63,4,1,7
BRDA:98,5,0,47
BRDA:98,5,1,99
BRDA:99,6,0,47
BRDA:99,6,1,0
BRDA:102,7,0,0
BRDA:102,7,1,99
BRDA:112,8,0,2
BRDA:112,8,1,2
BRDA:112,8,2,2
BRDA:112,8,3,1
BRDA:112,8,4,1
BRDA:112,8,5,1
BRDA:112,8,6,12
BRDA:112,8,7,1
BRDA:112,8,8,1
BRDA:112,8,9,1
BRDA:112,8,10,2
BRDA:112,8,11,1
BRDA:112,8,12,2
BRDA:112,8,13,1
BRDA:112,8,14,1
BRDA:112,8,15,1
BRDA:112,8,16,1
BRDA:112,8,17,1
BRDA:112,8,18,4
BRDA:112,8,19,2
BRDA:112,8,20,2
BRDA:112,8,21,1
BRDA:112,8,22,58
BRDA:150,9,0,4
BRDA:150,9,1,0
BRDA:151,10,0,2
BRDA:151,10,1,2
BRDA:155,11,0,1
BRDA:155,11,1,1
BRDA:162,12,0,2
BRDA:162,12,1,0
BRDA:163,13,0,1
BRDA:163,13,1,1
BRDA:180,14,0,0
BRDA:180,14,1,1
BRDA:190,15,0,1
BRDA:190,15,1,1
BRDA:208,16,0,3
BRDA:208,16,1,0
BRDA:209,17,0,3
BRDA:209,17,1,0
BRDA:226,18,0,3
BRDA:226,18,1,0
BRDA:227,19,0,3
BRDA:227,19,1,0
BRDA:238,20,0,3
BRDA:241,21,0,5
BRDA:241,21,1,0
BRDA:244,22,0,4
BRDA:244,22,1,1
BRF:65
BRH:54
end_of_record
TN:
SF:src\services\feed\FeedGenerator.ts
FN:14,(anonymous_0)
FN:21,(anonymous_1)
FN:37,(anonymous_2)
FN:53,(anonymous_3)
FN:69,(anonymous_4)
FN:80,(anonymous_5)
FN:86,(anonymous_6)
FN:114,(anonymous_7)
FN:150,(anonymous_8)
FN:162,(anonymous_9)
FN:169,(anonymous_10)
FN:185,(anonymous_11)
FN:186,(anonymous_12)
FN:206,(anonymous_13)
FNF:14
FNH:0
FNDA:0,(anonymous_0)
FNDA:0,(anonymous_1)
FNDA:0,(anonymous_2)
FNDA:0,(anonymous_3)
FNDA:0,(anonymous_4)
FNDA:0,(anonymous_5)
FNDA:0,(anonymous_6)
FNDA:0,(anonymous_7)
FNDA:0,(anonymous_8)
FNDA:0,(anonymous_9)
FNDA:0,(anonymous_10)
FNDA:0,(anonymous_11)
FNDA:0,(anonymous_12)
FNDA:0,(anonymous_13)
DA:1,0
DA:3,0
DA:4,0
DA:11,0
DA:15,0
DA:30,0
DA:31,0
DA:46,0
DA:47,0
DA:62,0
DA:63,0
DA:79,0
DA:80,0
DA:81,0
DA:82,0
DA:86,0
DA:89,0
DA:105,0
DA:106,0
DA:108,0
DA:123,0
DA:139,0
DA:142,0
DA:144,0
DA:158,0
DA:161,0
DA:162,0
DA:163,0
DA:168,0
DA:169,0
DA:170,0
DA:175,0
DA:176,0
DA:179,0
DA:186,0
DA:187,0
DA:188,0
DA:198,0
DA:207,0
LF:39
LH:0
BRDA:15,0,0,0
BRDA:15,0,1,0
BRDA:81,1,0,0
BRDA:81,1,1,0
BRDA:92,2,0,0
BRDA:92,2,1,0
BRDA:93,3,0,0
BRDA:93,3,1,0
BRDA:161,4,0,0
BRDA:161,4,1,0
BRDA:161,5,0,0
BRDA:161,5,1,0
BRDA:168,6,0,0
BRDA:168,6,1,0
BRDA:168,7,0,0
BRDA:168,7,1,0
BRDA:175,8,0,0
BRDA:175,8,1,0
BRDA:175,9,0,0
BRDA:175,9,1,0
BRDA:192,10,0,0
BRDA:192,10,1,0
BRDA:193,11,0,0
BRDA:193,11,1,0
BRDA:193,11,2,0
BRF:25
BRH:0
end_of_record
TN:
SF:src\services\feed\index.ts
FN:5,(anonymous_0)
FN:6,(anonymous_1)
FNF:2
FNH:0
FNDA:0,(anonymous_0)
FNDA:0,(anonymous_1)
DA:5,0
DA:6,0
LF:2
LH:0
BRF:0
BRH:0
end_of_record
TN:
SF:src\ui\modals\AddAccountModal.ts
FN:14,(anonymous_0)
FN:20,(anonymous_1)
FN:64,(anonymous_2)
FN:72,(anonymous_3)
FN:80,(anonymous_4)
FN:122,(anonymous_5)
FN:129,(anonymous_6)
FN:134,(anonymous_7)
FN:143,(anonymous_8)
FN:168,(anonymous_9)
FN:186,(anonymous_10)
FN:200,(anonymous_11)
FNF:12
FNH:0
FNDA:0,(anonymous_0)
FNDA:0,(anonymous_1)
FNDA:0,(anonymous_2)
FNDA:0,(anonymous_3)
FNDA:0,(anonymous_4)
FNDA:0,(anonymous_5)
FNDA:0,(anonymous_6)
FNDA:0,(anonymous_7)
FNDA:0,(anonymous_8)
FNDA:0,(anonymous_9)
FNDA:0,(anonymous_10)
FNDA:0,(anonymous_11)
DA:1,0
DA:2,0
DA:4,0
DA:6,0
DA:9,0
DA:10,0
DA:15,0
DA:16,0
DA:17,0
DA:21,0
DA:23,0
DA:24,0
DA:27,0
DA:30,0
DA:31,0
DA:32,0
DA:37,0
DA:38,0
DA:39,0
DA:40,0
DA:41,0
DA:44,0
DA:45,0
DA:51,0
DA:52,0
DA:58,0
DA:60,0
DA:64,0
DA:65,0
DA:68,0
DA:72,0
DA:73,0
DA:77,0
DA:81,0
DA:82,0
DA:83,0
DA:89,0
DA:90,0
DA:92,0
DA:95,0
DA:96,0
DA:106,0
DA:109,0
DA:112,0
DA:113,0
DA:114,0
DA:118,0
DA:124,0
DA:125,0
DA:129,0
DA:130,0
DA:134,0
DA:135,0
DA:136,0
DA:137,0
DA:138,0
DA:144,0
DA:145,0
DA:148,0
DA:149,0
DA:151,0
DA:153,0
DA:156,0
DA:157,0
DA:158,0
DA:162,0
DA:165,0
DA:168,0
DA:169,0
DA:174,0
DA:177,0
DA:178,0
DA:179,0
DA:182,0
DA:187,0
DA:189,0
DA:191,0
DA:192,0
DA:193,0
DA:194,0
DA:195,0
DA:196,0
DA:202,0
DA:203,0
DA:204,0
DA:207,0
DA:208,0
LF:87
LH:0
BRDA:124,0,0,0
BRDA:124,0,1,0
BRDA:135,1,0,0
BRDA:135,1,1,0
BRDA:144,2,0,0
BRDA:144,2,1,0
BRDA:151,3,0,0
BRDA:151,3,1,0
BRDA:156,4,0,0
BRDA:156,4,1,0
BRDA:177,5,0,0
BRDA:177,5,1,0
BRDA:191,6,0,0
BRDA:191,6,1,0
BRDA:193,7,0,0
BRDA:193,7,1,0
BRDA:195,8,0,0
BRDA:195,8,1,0
BRDA:202,9,0,0
BRDA:202,9,1,0
BRF:20
BRH:0
end_of_record
TN:
SF:src\ui\modals\AddFeedModal.ts
FN:12,(anonymous_0)
FN:18,(anonymous_1)
FN:43,(anonymous_2)
FN:48,(anonymous_3)
FN:69,(anonymous_4)
FN:77,(anonymous_5)
FN:82,(anonymous_6)
FN:149,(anonymous_7)
FN:150,(anonymous_8)
FN:167,(anonymous_9)
FN:176,(anonymous_10)
FN:185,(anonymous_11)
FNF:12
FNH:0
FNDA:0,(anonymous_0)
FNDA:0,(anonymous_1)
FNDA:0,(anonymous_2)
FNDA:0,(anonymous_3)
FNDA:0,(anonymous_4)
FNDA:0,(anonymous_5)
FNDA:0,(anonymous_6)
FNDA:0,(anonymous_7)
FNDA:0,(anonymous_8)
FNDA:0,(anonymous_9)
FNDA:0,(anonymous_10)
FNDA:0,(anonymous_11)
DA:1,0
DA:3,0
DA:5,0
DA:10,0
DA:13,0
DA:14,0
DA:15,0
DA:19,0
DA:21,0
DA:22,0
DA:25,0
DA:28,0
DA:29,0
DA:33,0
DA:34,0
DA:35,0
DA:36,0
DA:37,0
DA:40,0
DA:44,0
DA:45,0
DA:48,0
DA:49,0
DA:50,0
DA:56,0
DA:57,0
DA:63,0
DA:65,0
DA:69,0
DA:70,0
DA:73,0
DA:77,0
DA:78,0
DA:83,0
DA:84,0
DA:87,0
DA:89,0
DA:90,0
DA:91,0
DA:95,0
DA:96,0
DA:97,0
DA:100,0
DA:101,0
DA:102,0
DA:103,0
DA:105,0
DA:108,0
DA:110,0
DA:112,0
DA:115,0
DA:116,0
DA:117,0
DA:119,0
DA:120,0
DA:121,0
DA:123,0
DA:124,0
DA:129,0
DA:132,0
DA:133,0
DA:134,0
DA:135,0
DA:136,0
DA:141,0
DA:142,0
DA:143,0
DA:144,0
DA:145,0
DA:150,0
DA:151,0
DA:152,0
DA:153,0
DA:156,0
DA:161,0
DA:163,0
DA:167,0
DA:168,0
DA:169,0
DA:172,0
DA:176,0
DA:177,0
DA:178,0
DA:181,0
DA:186,0
DA:187,0
DA:188,0
LF:87
LH:0
BRDA:49,0,0,0
BRDA:49,0,1,0
BRDA:83,1,0,0
BRDA:83,1,1,0
BRDA:89,2,0,0
BRDA:89,2,1,0
BRDA:95,3,0,0
BRDA:95,3,1,0
BRDA:116,4,0,0
BRDA:116,4,1,0
BRDA:133,5,0,0
BRDA:133,5,1,0
BRDA:135,6,0,0
BRDA:135,6,1,0
BRF:14
BRH:0
end_of_record
TN:
SF:src\ui\settings\WeWeRssSettingTab.ts
FN:7,(anonymous_0)
FN:12,(anonymous_1)
FN:44,(anonymous_2)
FN:50,(anonymous_3)
FN:52,(anonymous_4)
FN:60,(anonymous_5)
FN:77,(anonymous_6)
FN:81,(anonymous_7)
FN:94,(anonymous_8)
FN:98,(anonymous_9)
FN:106,(anonymous_10)
FN:110,(anonymous_11)
FN:116,(anonymous_12)
FN:122,(anonymous_13)
FN:125,(anonymous_14)
FN:134,(anonymous_15)
FN:136,(anonymous_16)
FN:144,(anonymous_17)
FN:148,(anonymous_18)
FN:160,(anonymous_19)
FN:162,(anonymous_20)
FN:185,(anonymous_21)
FN:191,(anonymous_22)
FN:195,(anonymous_23)
FN:203,(anonymous_24)
FN:205,(anonymous_25)
FN:211,(anonymous_26)
FN:222,(anonymous_27)
FN:226,(anonymous_28)
FN:229,(anonymous_29)
FN:230,(anonymous_30)
FN:239,(anonymous_31)
FN:243,(anonymous_32)
FN:246,(anonymous_33)
FN:247,(anonymous_34)
FN:254,(anonymous_35)
FN:260,(anonymous_36)
FN:263,(anonymous_37)
FN:271,(anonymous_38)
FN:275,(anonymous_39)
FN:281,(anonymous_40)
FN:287,(anonymous_41)
FN:307,(anonymous_42)
FN:310,(anonymous_43)
FNF:44
FNH:0
FNDA:0,(anonymous_0)
FNDA:0,(anonymous_1)
FNDA:0,(anonymous_2)
FNDA:0,(anonymous_3)
FNDA:0,(anonymous_4)
FNDA:0,(anonymous_5)
FNDA:0,(anonymous_6)
FNDA:0,(anonymous_7)
FNDA:0,(anonymous_8)
FNDA:0,(anonymous_9)
FNDA:0,(anonymous_10)
FNDA:0,(anonymous_11)
FNDA:0,(anonymous_12)
FNDA:0,(anonymous_13)
FNDA:0,(anonymous_14)
FNDA:0,(anonymous_15)
FNDA:0,(anonymous_16)
FNDA:0,(anonymous_17)
FNDA:0,(anonymous_18)
FNDA:0,(anonymous_19)
FNDA:0,(anonymous_20)
FNDA:0,(anonymous_21)
FNDA:0,(anonymous_22)
FNDA:0,(anonymous_23)
FNDA:0,(anonymous_24)
FNDA:0,(anonymous_25)
FNDA:0,(anonymous_26)
FNDA:0,(anonymous_27)
FNDA:0,(anonymous_28)
FNDA:0,(anonymous_29)
FNDA:0,(anonymous_30)
FNDA:0,(anonymous_31)
FNDA:0,(anonymous_32)
FNDA:0,(anonymous_33)
FNDA:0,(anonymous_34)
FNDA:0,(anonymous_35)
FNDA:0,(anonymous_36)
FNDA:0,(anonymous_37)
FNDA:0,(anonymous_38)
FNDA:0,(anonymous_39)
FNDA:0,(anonymous_40)
FNDA:0,(anonymous_41)
FNDA:0,(anonymous_42)
FNDA:0,(anonymous_43)
DA:1,0
DA:4,0
DA:8,0
DA:9,0
DA:13,0
DA:14,0
DA:16,0
DA:19,0
DA:20,0
DA:26,0
DA:29,0
DA:32,0
DA:35,0
DA:38,0
DA:41,0
DA:45,0
DA:47,0
DA:50,0
DA:53,0
DA:54,0
DA:57,0
DA:58,0
DA:61,0
DA:68,0
DA:71,0
DA:74,0
DA:77,0
DA:82,0
DA:83,0
DA:86,0
DA:87,0
DA:91,0
DA:94,0
DA:99,0
DA:100,0
DA:103,0
DA:106,0
DA:111,0
DA:112,0
DA:117,0
DA:119,0
DA:122,0
DA:126,0
DA:127,0
DA:128,0
DA:131,0
DA:134,0
DA:137,0
DA:138,0
DA:141,0
DA:145,0
DA:149,0
DA:150,0
DA:152,0
DA:153,0
DA:157,0
DA:160,0
DA:163,0
DA:178,0
DA:179,0
DA:180,0
DA:181,0
DA:186,0
DA:188,0
DA:191,0
DA:196,0
DA:197,0
DA:200,0
DA:203,0
DA:206,0
DA:207,0
DA:212,0
DA:214,0
DA:219,0
DA:223,0
DA:227,0
DA:229,0
DA:230,0
DA:231,0
DA:233,0
DA:236,0
DA:240,0
DA:244,0
DA:246,0
DA:247,0
DA:248,0
DA:250,0
DA:255,0
DA:257,0
DA:260,0
DA:264,0
DA:265,0
DA:268,0
DA:271,0
DA:276,0
DA:277,0
DA:282,0
DA:285,0
DA:287,0
DA:288,0
DA:293,0
DA:294,0
DA:295,0
DA:296,0
DA:297,0
DA:299,0
DA:300,0
DA:304,0
DA:307,0
DA:311,0
DA:312,0
DA:313,0
DA:317,0
LF:113
LH:0
BRDA:57,0,0,0
BRDA:57,0,1,0
BRDA:71,1,0,0
BRDA:71,1,1,0
BRDA:86,2,0,0
BRDA:86,2,1,0
BRF:6
BRH:0
end_of_record
TN:
SF:src\ui\views\WeWeRssSidebarView.ts
FN:15,(anonymous_0)
FN:20,(anonymous_1)
FN:24,(anonymous_2)
FN:28,(anonymous_3)
FN:32,(anonymous_4)
FN:60,(anonymous_5)
FN:73,(anonymous_6)
FN:83,(anonymous_7)
FN:93,(anonymous_8)
FN:98,(anonymous_9)
FN:129,(anonymous_10)
FN:174,(anonymous_11)
FN:182,(anonymous_12)
FN:231,(anonymous_13)
FN:242,(anonymous_14)
FN:264,(anonymous_15)
FN:287,(anonymous_16)
FN:299,(anonymous_17)
FN:310,(anonymous_18)
FNF:19
FNH:0
FNDA:0,(anonymous_0)
FNDA:0,(anonymous_1)
FNDA:0,(anonymous_2)
FNDA:0,(anonymous_3)
FNDA:0,(anonymous_4)
FNDA:0,(anonymous_5)
FNDA:0,(anonymous_6)
FNDA:0,(anonymous_7)
FNDA:0,(anonymous_8)
FNDA:0,(anonymous_9)
FNDA:0,(anonymous_10)
FNDA:0,(anonymous_11)
FNDA:0,(anonymous_12)
FNDA:0,(anonymous_13)
FNDA:0,(anonymous_14)
FNDA:0,(anonymous_15)
FNDA:0,(anonymous_16)
FNDA:0,(anonymous_17)
FNDA:0,(anonymous_18)
DA:1,0
DA:4,0
DA:5,0
DA:7,0
DA:9,0
DA:13,0
DA:16,0
DA:17,0
DA:21,0
DA:25,0
DA:29,0
DA:33,0
DA:34,0
DA:35,0
DA:38,0
DA:41,0
DA:44,0
DA:47,0
DA:48,0
DA:49,0
DA:52,0
DA:53,0
DA:54,0
DA:57,0
DA:61,0
DA:63,0
DA:64,0
DA:66,0
DA:69,0
DA:73,0
DA:74,0
DA:75,0
DA:79,0
DA:83,0
DA:84,0
DA:85,0
DA:89,0
DA:93,0
DA:94,0
DA:99,0
DA:101,0
DA:103,0
DA:108,0
DA:113,0
DA:114,0
DA:120,0
DA:121,0
DA:122,0
DA:130,0
DA:132,0
DA:134,0
DA:135,0
DA:139,0
DA:142,0
DA:143,0
DA:147,0
DA:148,0
DA:151,0
DA:156,0
DA:160,0
DA:161,0
DA:166,0
DA:167,0
DA:168,0
DA:174,0
DA:175,0
DA:176,0
DA:177,0
DA:183,0
DA:186,0
DA:187,0
DA:190,0
DA:193,0
DA:194,0
DA:198,0
DA:201,0
DA:202,0
DA:206,0
DA:207,0
DA:210,0
DA:215,0
DA:219,0
DA:220,0
DA:225,0
DA:226,0
DA:231,0
DA:232,0
DA:233,0
DA:234,0
DA:235,0
DA:237,0
DA:242,0
DA:244,0
DA:245,0
DA:246,0
DA:247,0
DA:248,0
DA:249,0
DA:250,0
DA:251,0
DA:254,0
DA:255,0
DA:256,0
DA:257,0
DA:265,0
DA:266,0
DA:268,0
DA:269,0
DA:270,0
DA:272,0
DA:274,0
DA:278,0
DA:280,0
DA:282,0
DA:283,0
DA:288,0
DA:289,0
DA:292,0
DA:293,0
DA:294,0
DA:295,0
DA:300,0
DA:302,0
DA:303,0
DA:304,0
DA:305,0
DA:307,0
LF:127
LH:0
BRDA:113,0,0,0
BRDA:113,0,1,0
BRDA:120,1,0,0
BRDA:120,1,1,0
BRDA:134,2,0,0
BRDA:134,2,1,0
BRDA:147,3,0,0
BRDA:147,3,1,0
BRDA:166,4,0,0
BRDA:166,4,1,0
BRDA:186,5,0,0
BRDA:186,5,1,0
BRDA:193,6,0,0
BRDA:193,6,1,0
BRDA:206,7,0,0
BRDA:206,7,1,0
BRDA:225,8,0,0
BRDA:225,8,1,0
BRDA:225,9,0,0
BRDA:225,9,1,0
BRDA:234,10,0,0
BRDA:234,10,1,0
BRDA:244,11,0,0
BRDA:244,11,1,0
BRDA:246,12,0,0
BRDA:246,12,1,0
BRDA:248,13,0,0
BRDA:248,13,1,0
BRDA:254,14,0,0
BRDA:254,14,1,0
BRDA:256,15,0,0
BRDA:256,15,1,0
BRDA:266,16,0,0
BRDA:266,16,1,0
BRDA:293,17,0,0
BRDA:293,17,1,0
BRDA:302,18,0,0
BRDA:302,18,1,0
BRDA:303,19,0,0
BRDA:303,19,1,0
BRDA:304,20,0,0
BRDA:304,20,1,0
BRDA:305,21,0,0
BRDA:305,21,1,0
BRF:44
BRH:0
end_of_record
TN:
SF:src\utils\constants.ts
FNF:0
FNH:0
DA:6,4
DA:7,4
DA:10,4
DA:11,4
DA:12,4
DA:15,4
DA:16,4
DA:19,4
DA:22,4
DA:25,4
LF:10
LH:10
BRF:0
BRH:0
end_of_record
TN:
SF:src\utils\helpers.ts
FN:8,sleep
FN:9,(anonymous_1)
FN:16,getNextCronTime
FN:25,isPast
FN:32,formatTimestamp
FN:39,sanitizeFilename
FN:49,extractFeedIdFromUrl
FN:59,matchesPatterns
FN:62,(anonymous_8)
FNF:9
FNH:9
FNDA:3,sleep
FNDA:3,(anonymous_1)
FNDA:5,getNextCronTime
FNDA:6,isPast
FNDA:14,formatTimestamp
FNDA:41,sanitizeFilename
FNDA:7,extractFeedIdFromUrl
FNDA:13,matchesPatterns
FNDA:14,(anonymous_8)
DA:8,2
DA:9,3
DA:16,2
DA:19,5
DA:25,2
DA:26,6
DA:32,2
DA:33,14
DA:39,2
DA:40,41
DA:49,2
DA:52,7
DA:53,7
DA:59,2
DA:60,13
DA:62,12
DA:63,14
DA:64,14
DA:65,13
DA:67,1
DA:68,1
LF:21
LH:21
BRDA:53,0,0,4
BRDA:53,0,1,3
BRDA:60,1,0,1
BRDA:60,1,1,12
BRF:4
BRH:4
end_of_record
TN:
SF:src\utils\logger.ts
FN:5,(anonymous_0)
FN:16,(anonymous_1)
FN:20,(anonymous_2)
FN:24,(anonymous_3)
FN:30,(anonymous_4)
FN:36,(anonymous_5)
FN:42,(anonymous_6)
FNF:7
FNH:7
FNDA:7,(anonymous_0)
FNDA:42,(anonymous_1)
FNDA:29,(anonymous_2)
FNDA:17,(anonymous_3)
FNDA:126,(anonymous_4)
FNDA:16,(anonymous_5)
FNDA:28,(anonymous_6)
DA:5,7
DA:6,7
DA:7,7
DA:8,7
DA:9,7
DA:12,7
DA:13,42
DA:17,42
DA:21,29
DA:25,17
DA:26,3
DA:31,126
DA:32,120
DA:37,16
DA:38,14
DA:43,28
DA:44,28
DA:49,7
LF:18
LH:18
BRDA:5,0,0,7
BRDA:5,0,1,7
BRDA:16,1,0,8
BRDA:25,2,0,3
BRDA:25,2,1,14
BRDA:31,3,0,120
BRDA:31,3,1,6
BRDA:37,4,0,14
BRDA:37,4,1,2
BRDA:43,5,0,28
BRDA:43,5,1,0
BRF:11
BRH:10
end_of_record
